{"meta": {"format": 3, "version": "7.13.2", "timestamp": "2026-01-29T21:01:56.910707", "branch_coverage": false, "show_contexts": false}, "files": {"api/__init__.py": {"executed_lines": [5], "summary": {"covered_lines": 1, "num_statements": 1, "percent_covered": 100.0, "percent_covered_display": "100", "missing_lines": 0, "excluded_lines": 0, "percent_statements_covered": 100.0, "percent_statements_covered_display": "100"}, "missing_lines": [], "excluded_lines": [], "functions": {"": {"executed_lines": [5], "summary": {"covered_lines": 1, "num_statements": 1, "percent_covered": 100.0, "percent_covered_display": "100", "missing_lines": 0, "excluded_lines": 0, "percent_statements_covered": 100.0, "percent_statements_covered_display": "100"}, "missing_lines": [], "excluded_lines": [], "start_line": 1}}, "classes": {"": {"executed_lines": [5], "summary": {"covered_lines": 1, "num_statements": 1, "percent_covered": 100.0, "percent_covered_display": "100", "missing_lines": 0, "excluded_lines": 0, "percent_statements_covered": 100.0, "percent_statements_covered_display": "100"}, "missing_lines": [], "excluded_lines": [], "start_line": 1}}}, "api/analytics.py": {"executed_lines": [6, 7, 8, 9, 12, 14, 15, 16, 17, 20, 23, 25, 26, 27, 28, 29, 30, 32, 34, 36, 38, 39, 49, 51, 53, 56, 57, 61, 62, 67, 71, 73, 74, 75, 76, 77, 79, 84, 85, 86, 87, 88, 91, 92, 93, 96, 97, 107, 108, 111, 114, 115, 125, 134, 135, 142, 144, 145, 152], "summary": {"covered_lines": 59, "num_statements": 72, "percent_covered": 81.94444444444444, "percent_covered_display": "82", "missing_lines": 13, "excluded_lines": 0, "percent_statements_covered": 81.94444444444444, "percent_statements_covered_display": "82"}, "missing_lines": [58, 59, 63, 64, 65, 68, 69, 80, 81, 137, 138, 139, 140], "excluded_lines": [], "functions": {"handler._set_headers": {"executed_lines": [25, 26, 27, 28, 29, 30], "summary": {"covered_lines": 6, "num_statements": 6, "percent_covered": 100.0, "percent_covered_display": "100", "missing_lines": 0, "excluded_lines": 0, "percent_statements_covered": 100.0, "percent_statements_covered_display": "100"}, "missing_lines": [], "excluded_lines": [], "start_line": 23}, "handler.do_OPTIONS": {"executed_lines": [34], "summary": {"covered_lines": 1, "num_statements": 1, "percent_covered": 100.0, "percent_covered_display": "100", "missing_lines": 0, "excluded_lines": 0, "percent_statements_covered": 100.0, "percent_statements_covered_display": "100"}, "missing_lines": [], "excluded_lines": [], "start_line": 32}, "handler.do_GET": {"executed_lines": [38, 39, 49], "summary": {"covered_lines": 3, "num_statements": 3, "percent_covered": 100.0, "percent_covered_display": "100", "missing_lines": 0, "excluded_lines": 0, "percent_statements_covered": 100.0, "percent_statements_covered_display": "100"}, "missing_lines": [], "excluded_lines": [], "start_line": 36}, "handler.do_POST": {"executed_lines": [53, 56, 57, 61, 62, 67, 71, 73, 74, 75, 76, 77, 79, 84, 85, 86, 87, 88, 91, 92, 93, 96, 97, 107, 108, 111, 114, 115, 125, 134, 135], "summary": {"covered_lines": 31, "num_statements": 44, "percent_covered": 70.45454545454545, "percent_covered_display": "70", "missing_lines": 13, "excluded_lines": 0, "percent_statements_covered": 70.45454545454545, "percent_statements_covered_display": "70"}, "missing_lines": [58, 59, 63, 64, 65, 68, 69, 80, 81, 137, 138, 139, 140], "excluded_lines": [], "start_line": 51}, "handler._send_error": {"executed_lines": [144, 145, 152], "summary": {"covered_lines": 3, "num_statements": 3, "percent_covered": 100.0, "percent_covered_display": "100", "missing_lines": 0, "excluded_lines": 0, "percent_statements_covered": 100.0, "percent_statements_covered_display": "100"}, "missing_lines": [], "excluded_lines": [], "start_line": 142}, "": {"executed_lines": [6, 7, 8, 9, 12, 14, 15, 16, 17, 20, 23, 32, 36, 51, 142], "summary": {"covered_lines": 15, "num_statements": 15, "percent_covered": 100.0, "percent_covered_display": "100", "missing_lines": 0, "excluded_lines": 0, "percent_statements_covered": 100.0, "percent_statements_covered_display": "100"}, "missing_lines": [], "excluded_lines": [], "start_line": 1}}, "classes": {"handler": {"executed_lines": [25, 26, 27, 28, 29, 30, 34, 38, 39, 49, 53, 56, 57, 61, 62, 67, 71, 73, 74, 75, 76, 77, 79, 84, 85, 86, 87, 88, 91, 92, 93, 96, 97, 107, 108, 111, 114, 115, 125, 134, 135, 144, 145, 152], "summary": {"covered_lines": 44, "num_statements": 57, "percent_covered": 77.19298245614036, "percent_covered_display": "77", "missing_lines": 13, "excluded_lines": 0, "percent_statements_covered": 77.19298245614036, "percent_statements_covered_display": "77"}, "missing_lines": [58, 59, 63, 64, 65, 68, 69, 80, 81, 137, 138, 139, 140], "excluded_lines": [], "start_line": 20}, "": {"executed_lines": [6, 7, 8, 9, 12, 14, 15, 16, 17, 20, 23, 32, 36, 51, 142], "summary": {"covered_lines": 15, "num_statements": 15, "percent_covered": 100.0, "percent_covered_display": "100", "missing_lines": 0, "excluded_lines": 0, "percent_statements_covered": 100.0, "percent_statements_covered_display": "100"}, "missing_lines": [], "excluded_lines": [], "start_line": 1}}}, "api/analytics/__init__.py": {"executed_lines": [6, 8, 9, 10, 11, 13, 21, 24, 25, 26, 29, 32, 33, 34, 35, 36, 39, 42, 43, 44, 45, 46, 49, 52, 55, 58, 59, 60, 61], "summary": {"covered_lines": 29, "num_statements": 29, "percent_covered": 100.0, "percent_covered_display": "100", "missing_lines": 0, "excluded_lines": 0, "percent_statements_covered": 100.0, "percent_statements_covered_display": "100"}, "missing_lines": [], "excluded_lines": [], "functions": {"": {"executed_lines": [6, 8, 9, 10, 11, 13, 21, 24, 25, 26, 29, 32, 33, 34, 35, 36, 39, 42, 43, 44, 45, 46, 49, 52, 55, 58, 59, 60, 61], "summary": {"covered_lines": 29, "num_statements": 29, "percent_covered": 100.0, "percent_covered_display": "100", "missing_lines": 0, "excluded_lines": 0, "percent_statements_covered": 100.0, "percent_statements_covered_display": "100"}, "missing_lines": [], "excluded_lines": [], "start_line": 1}}, "classes": {"PaycheckEntry": {"executed_lines": [], "summary": {"covered_lines": 0, "num_statements": 0, "percent_covered": 100.0, "percent_covered_display": "100", "missing_lines": 0, "excluded_lines": 0, "percent_statements_covered": 100.0, "percent_statements_covered_display": "100"}, "missing_lines": [], "excluded_lines": [], "start_line": 21}, "PaydayPrediction": {"executed_lines": [], "summary": {"covered_lines": 0, "num_statements": 0, "percent_covered": 100.0, "percent_covered_display": "100", "missing_lines": 0, "excluded_lines": 0, "percent_statements_covered": 100.0, "percent_statements_covered_display": "100"}, "missing_lines": [], "excluded_lines": [], "start_line": 29}, "MerchantSuggestion": {"executed_lines": [], "summary": {"covered_lines": 0, "num_statements": 0, "percent_covered": 100.0, "percent_covered_display": "100", "missing_lines": 0, "excluded_lines": 0, "percent_statements_covered": 100.0, "percent_statements_covered_display": "100"}, "missing_lines": [], "excluded_lines": [], "start_line": 39}, "ErrorResponse": {"executed_lines": [], "summary": {"covered_lines": 0, "num_statements": 0, "percent_covered": 100.0, "percent_covered_display": "100", "missing_lines": 0, "excluded_lines": 0, "percent_statements_covered": 100.0, "percent_statements_covered_display": "100"}, "missing_lines": [], "excluded_lines": [], "start_line": 49}, "AnalyticsRequest": {"executed_lines": [], "summary": {"covered_lines": 0, "num_statements": 0, "percent_covered": 100.0, "percent_covered_display": "100", "missing_lines": 0, "excluded_lines": 0, "percent_statements_covered": 100.0, "percent_statements_covered_display": "100"}, "missing_lines": [], "excluded_lines": [], "start_line": 55}, "": {"executed_lines": [6, 8, 9, 10, 11, 13, 21, 24, 25, 26, 29, 32, 33, 34, 35, 36, 39, 42, 43, 44, 45, 46, 49, 52, 55, 58, 59, 60, 61], "summary": {"covered_lines": 29, "num_statements": 29, "percent_covered": 100.0, "percent_covered_display": "100", "missing_lines": 0, "excluded_lines": 0, "percent_statements_covered": 100.0, "percent_statements_covered_display": "100"}, "missing_lines": [], "excluded_lines": [], "start_line": 1}}}, "api/analytics/audit.py": {"executed_lines": [6, 7, 9, 18, 26, 36, 39, 42, 43, 44, 47, 49, 60, 70, 72, 73, 75, 89, 91, 92, 110, 128, 145, 155, 157, 161, 164, 168, 185, 196, 201, 204, 207, 224, 227, 229, 231, 232, 252, 262, 268, 270, 273, 274, 275, 277], "summary": {"covered_lines": 46, "num_statements": 51, "percent_covered": 90.19607843137256, "percent_covered_display": "90", "missing_lines": 5, "excluded_lines": 0, "percent_statements_covered": 90.19607843137256, "percent_statements_covered_display": "90"}, "missing_lines": [111, 129, 158, 208, 221], "excluded_lines": [], "functions": {"EnvelopeIntegrityAuditor.audit": {"executed_lines": [36, 39, 42, 43, 44, 47, 49], "summary": {"covered_lines": 7, "num_statements": 7, "percent_covered": 100.0, "percent_covered_display": "100", "missing_lines": 0, "excluded_lines": 0, "percent_statements_covered": 100.0, "percent_statements_covered_display": "100"}, "missing_lines": [], "excluded_lines": [], "start_line": 26}, "EnvelopeIntegrityAuditor._build_envelope_id_set": {"executed_lines": [70, 72, 73], "summary": {"covered_lines": 3, "num_statements": 3, "percent_covered": 100.0, "percent_covered_display": "100", "missing_lines": 0, "excluded_lines": 0, "percent_statements_covered": 100.0, "percent_statements_covered_display": "100"}, "missing_lines": [], "excluded_lines": [], "start_line": 60}, "EnvelopeIntegrityAuditor._check_orphaned_transactions": {"executed_lines": [89, 91, 92, 110, 128], "summary": {"covered_lines": 5, "num_statements": 7, "percent_covered": 71.42857142857143, "percent_covered_display": "71", "missing_lines": 2, "excluded_lines": 0, "percent_statements_covered": 71.42857142857143, "percent_statements_covered_display": "71"}, "missing_lines": [111, 129], "excluded_lines": [], "start_line": 75}, "EnvelopeIntegrityAuditor._check_negative_envelopes": {"executed_lines": [155, 157, 161, 164, 168], "summary": {"covered_lines": 5, "num_statements": 6, "percent_covered": 83.33333333333333, "percent_covered_display": "83", "missing_lines": 1, "excluded_lines": 0, "percent_statements_covered": 83.33333333333333, "percent_statements_covered_display": "83"}, "missing_lines": [158], "excluded_lines": [], "start_line": 145}, "EnvelopeIntegrityAuditor._check_balance_leakage": {"executed_lines": [196, 201, 204, 207, 224, 227, 229, 231, 232], "summary": {"covered_lines": 9, "num_statements": 11, "percent_covered": 81.81818181818181, "percent_covered_display": "82", "missing_lines": 2, "excluded_lines": 0, "percent_statements_covered": 81.81818181818181, "percent_statements_covered_display": "82"}, "missing_lines": [208, 221], "excluded_lines": [], "start_line": 185}, "EnvelopeIntegrityAuditor._generate_summary": {"executed_lines": [262, 268, 270, 273, 274, 275, 277], "summary": {"covered_lines": 7, "num_statements": 7, "percent_covered": 100.0, "percent_covered_display": "100", "missing_lines": 0, "excluded_lines": 0, "percent_statements_covered": 100.0, "percent_statements_covered_display": "100"}, "missing_lines": [], "excluded_lines": [], "start_line": 252}, "": {"executed_lines": [6, 7, 9, 18, 26, 60, 75, 145, 185, 252], "summary": {"covered_lines": 10, "num_statements": 10, "percent_covered": 100.0, "percent_covered_display": "100", "missing_lines": 0, "excluded_lines": 0, "percent_statements_covered": 100.0, "percent_statements_covered_display": "100"}, "missing_lines": [], "excluded_lines": [], "start_line": 1}}, "classes": {"EnvelopeIntegrityAuditor": {"executed_lines": [36, 39, 42, 43, 44, 47, 49, 70, 72, 73, 89, 91, 92, 110, 128, 155, 157, 161, 164, 168, 196, 201, 204, 207, 224, 227, 229, 231, 232, 262, 268, 270, 273, 274, 275, 277], "summary": {"covered_lines": 36, "num_statements": 41, "percent_covered": 87.8048780487805, "percent_covered_display": "88", "missing_lines": 5, "excluded_lines": 0, "percent_statements_covered": 87.8048780487805, "percent_statements_covered_display": "88"}, "missing_lines": [111, 129, 158, 208, 221], "excluded_lines": [], "start_line": 18}, "": {"executed_lines": [6, 7, 9, 18, 26, 60, 75, 145, 185, 252], "summary": {"covered_lines": 10, "num_statements": 10, "percent_covered": 100.0, "percent_covered_display": "100", "missing_lines": 0, "excluded_lines": 0, "percent_statements_covered": 100.0, "percent_statements_covered_display": "100"}, "missing_lines": [], "excluded_lines": [], "start_line": 1}}}, "api/analytics/bills.py": {"executed_lines": [6, 8, 16, 26, 27, 35, 38, 39, 40, 41, 42, 43, 46, 48, 49, 51, 54, 57, 58, 59, 60, 61, 62, 63, 64, 65, 66, 68, 69, 72, 75, 76, 79, 80, 81, 84, 86, 89, 90, 103, 106, 107, 110, 111, 113, 115, 123, 133, 137, 140, 141, 145, 148, 149, 152, 156, 157, 158, 159, 160, 161, 162, 163, 164, 165, 166, 167, 177], "summary": {"covered_lines": 68, "num_statements": 80, "percent_covered": 85.0, "percent_covered_display": "85", "missing_lines": 12, "excluded_lines": 0, "percent_statements_covered": 85.0, "percent_statements_covered_display": "85"}, "missing_lines": [87, 99, 100, 134, 146, 168, 169, 170, 171, 172, 173, 175], "excluded_lines": [], "functions": {"predict_bills": {"executed_lines": [26, 27, 35, 38, 39, 40, 41, 42, 43, 46, 48, 49, 51, 54, 57, 58, 59, 60, 61, 62, 63, 64, 65, 66, 68, 69, 72, 75, 76, 79, 80, 81, 84, 86, 89, 90, 103, 106, 107, 110, 111, 113, 115], "summary": {"covered_lines": 43, "num_statements": 46, "percent_covered": 93.47826086956522, "percent_covered_display": "93", "missing_lines": 3, "excluded_lines": 0, "percent_statements_covered": 93.47826086956522, "percent_statements_covered_display": "93"}, "missing_lines": [87, 99, 100], "excluded_lines": [], "start_line": 16}, "_detect_frequency": {"executed_lines": [133, 137, 140, 141, 145, 148, 149, 152, 156, 157, 158, 159, 160, 161, 162, 163, 164, 165, 166, 167, 177], "summary": {"covered_lines": 21, "num_statements": 30, "percent_covered": 70.0, "percent_covered_display": "70", "missing_lines": 9, "excluded_lines": 0, "percent_statements_covered": 70.0, "percent_statements_covered_display": "70"}, "missing_lines": [134, 146, 168, 169, 170, 171, 172, 173, 175], "excluded_lines": [], "start_line": 123}, "": {"executed_lines": [6, 8, 16, 123], "summary": {"covered_lines": 4, "num_statements": 4, "percent_covered": 100.0, "percent_covered_display": "100", "missing_lines": 0, "excluded_lines": 0, "percent_statements_covered": 100.0, "percent_statements_covered_display": "100"}, "missing_lines": [], "excluded_lines": [], "start_line": 1}}, "classes": {"": {"executed_lines": [6, 8, 16, 26, 27, 35, 38, 39, 40, 41, 42, 43, 46, 48, 49, 51, 54, 57, 58, 59, 60, 61, 62, 63, 64, 65, 66, 68, 69, 72, 75, 76, 79, 80, 81, 84, 86, 89, 90, 103, 106, 107, 110, 111, 113, 115, 123, 133, 137, 140, 141, 145, 148, 149, 152, 156, 157, 158, 159, 160, 161, 162, 163, 164, 165, 166, 167, 177], "summary": {"covered_lines": 68, "num_statements": 80, "percent_covered": 85.0, "percent_covered_display": "85", "missing_lines": 12, "excluded_lines": 0, "percent_statements_covered": 85.0, "percent_statements_covered_display": "85"}, "missing_lines": [87, 99, 100, 134, 146, 168, 169, 170, 171, 172, 173, 175], "excluded_lines": [], "start_line": 1}}}, "api/analytics/categorization.py": {"executed_lines": [6, 7, 8, 11, 12, 13, 15, 16, 19, 33, 41, 42, 44, 45, 46, 49, 53, 55, 56, 58, 59, 60, 61, 62, 63, 64, 67, 68, 69, 70, 71, 73, 84, 85, 88, 91, 100, 104, 143, 153], "summary": {"covered_lines": 40, "num_statements": 77, "percent_covered": 51.94805194805195, "percent_covered_display": "52", "missing_lines": 37, "excluded_lines": 0, "percent_statements_covered": 51.94805194805195, "percent_statements_covered_display": "52"}, "missing_lines": [93, 94, 95, 96, 97, 98, 102, 106, 108, 109, 110, 112, 113, 114, 115, 117, 118, 119, 122, 123, 124, 126, 127, 133, 134, 136, 137, 138, 139, 140, 141, 145, 146, 151, 155, 156, 157], "excluded_lines": [], "functions": {"analyze_merchant_patterns": {"executed_lines": [41, 42, 44, 45, 46, 49, 53, 55, 56, 58, 59, 60, 61, 62, 63, 64, 67, 68, 69, 70, 71, 73, 84, 85], "summary": {"covered_lines": 24, "num_statements": 24, "percent_covered": 100.0, "percent_covered_display": "100", "missing_lines": 0, "excluded_lines": 0, "percent_statements_covered": 100.0, "percent_statements_covered_display": "100"}, "missing_lines": [], "excluded_lines": [], "start_line": 33}, "handler._set_headers": {"executed_lines": [], "summary": {"covered_lines": 0, "num_statements": 6, "percent_covered": 0.0, "percent_covered_display": "0", "missing_lines": 6, "excluded_lines": 0, "percent_statements_covered": 0.0, "percent_statements_covered_display": "0"}, "missing_lines": [93, 94, 95, 96, 97, 98], "excluded_lines": [], "start_line": 91}, "handler.do_OPTIONS": {"executed_lines": [], "summary": {"covered_lines": 0, "num_statements": 1, "percent_covered": 0.0, "percent_covered_display": "0", "missing_lines": 1, "excluded_lines": 0, "percent_statements_covered": 0.0, "percent_statements_covered_display": "0"}, "missing_lines": [102], "excluded_lines": [], "start_line": 100}, "handler.do_POST": {"executed_lines": [], "summary": {"covered_lines": 0, "num_statements": 24, "percent_covered": 0.0, "percent_covered_display": "0", "missing_lines": 24, "excluded_lines": 0, "percent_statements_covered": 0.0, "percent_statements_covered_display": "0"}, "missing_lines": [106, 108, 109, 110, 112, 113, 114, 115, 117, 118, 119, 122, 123, 124, 126, 127, 133, 134, 136, 137, 138, 139, 140, 141], "excluded_lines": [], "start_line": 104}, "handler.do_GET": {"executed_lines": [], "summary": {"covered_lines": 0, "num_statements": 3, "percent_covered": 0.0, "percent_covered_display": "0", "missing_lines": 3, "excluded_lines": 0, "percent_statements_covered": 0.0, "percent_statements_covered_display": "0"}, "missing_lines": [145, 146, 151], "excluded_lines": [], "start_line": 143}, "handler._send_error": {"executed_lines": [], "summary": {"covered_lines": 0, "num_statements": 3, "percent_covered": 0.0, "percent_covered_display": "0", "missing_lines": 3, "excluded_lines": 0, "percent_statements_covered": 0.0, "percent_statements_covered_display": "0"}, "missing_lines": [155, 156, 157], "excluded_lines": [], "start_line": 153}, "": {"executed_lines": [6, 7, 8, 11, 12, 13, 15, 16, 19, 33, 88, 91, 100, 104, 143, 153], "summary": {"covered_lines": 16, "num_statements": 16, "percent_covered": 100.0, "percent_covered_display": "100", "missing_lines": 0, "excluded_lines": 0, "percent_statements_covered": 100.0, "percent_statements_covered_display": "100"}, "missing_lines": [], "excluded_lines": [], "start_line": 1}}, "classes": {"handler": {"executed_lines": [], "summary": {"covered_lines": 0, "num_statements": 37, "percent_covered": 0.0, "percent_covered_display": "0", "missing_lines": 37, "excluded_lines": 0, "percent_statements_covered": 0.0, "percent_statements_covered_display": "0"}, "missing_lines": [93, 94, 95, 96, 97, 98, 102, 106, 108, 109, 110, 112, 113, 114, 115, 117, 118, 119, 122, 123, 124, 126, 127, 133, 134, 136, 137, 138, 139, 140, 141, 145, 146, 151, 155, 156, 157], "excluded_lines": [], "start_line": 88}, "": {"executed_lines": [6, 7, 8, 11, 12, 13, 15, 16, 19, 33, 41, 42, 44, 45, 46, 49, 53, 55, 56, 58, 59, 60, 61, 62, 63, 64, 67, 68, 69, 70, 71, 73, 84, 85, 88, 91, 100, 104, 143, 153], "summary": {"covered_lines": 40, "num_statements": 40, "percent_covered": 100.0, "percent_covered_display": "100", "missing_lines": 0, "excluded_lines": 0, "percent_statements_covered": 100.0, "percent_statements_covered_display": "100"}, "missing_lines": [], "excluded_lines": [], "start_line": 1}}}, "api/analytics/health.py": {"executed_lines": [6, 9, 20, 23, 26, 27, 28, 29, 30, 31, 32, 33, 34, 39, 40, 41, 42, 43, 44, 45, 46, 47, 49, 52, 53, 54, 55, 57, 60, 61, 63, 66, 75, 76, 77, 78, 79, 80, 81, 82, 84, 87, 88, 89, 92, 93, 94, 95, 96, 99, 100, 101, 102, 103, 106, 107, 108, 109, 110, 113, 114, 115, 120, 122, 138, 140, 147], "summary": {"covered_lines": 67, "num_statements": 70, "percent_covered": 95.71428571428571, "percent_covered_display": "96", "missing_lines": 3, "excluded_lines": 0, "percent_statements_covered": 95.71428571428571, "percent_statements_covered_display": "96"}, "missing_lines": [36, 116, 117], "excluded_lines": [], "functions": {"calculate_budget_health": {"executed_lines": [20, 23, 26, 27, 28, 29, 30, 31, 32, 33, 34, 39, 40, 41, 42, 43, 44, 45, 46, 47, 49, 52, 53, 54, 55, 57, 60, 61, 63, 66, 75, 76, 77, 78, 79, 80, 81, 82, 84, 87, 88, 89, 92, 93, 94, 95, 96, 99, 100, 101, 102, 103, 106, 107, 108, 109, 110, 113, 114, 115, 120, 122], "summary": {"covered_lines": 62, "num_statements": 65, "percent_covered": 95.38461538461539, "percent_covered_display": "95", "missing_lines": 3, "excluded_lines": 0, "percent_statements_covered": 95.38461538461539, "percent_statements_covered_display": "95"}, "missing_lines": [36, 116, 117], "excluded_lines": [], "start_line": 9}, "_generate_summary": {"executed_lines": [140, 147], "summary": {"covered_lines": 2, "num_statements": 2, "percent_covered": 100.0, "percent_covered_display": "100", "missing_lines": 0, "excluded_lines": 0, "percent_statements_covered": 100.0, "percent_statements_covered_display": "100"}, "missing_lines": [], "excluded_lines": [], "start_line": 138}, "": {"executed_lines": [6, 9, 138], "summary": {"covered_lines": 3, "num_statements": 3, "percent_covered": 100.0, "percent_covered_display": "100", "missing_lines": 0, "excluded_lines": 0, "percent_statements_covered": 100.0, "percent_statements_covered_display": "100"}, "missing_lines": [], "excluded_lines": [], "start_line": 1}}, "classes": {"": {"executed_lines": [6, 9, 20, 23, 26, 27, 28, 29, 30, 31, 32, 33, 34, 39, 40, 41, 42, 43, 44, 45, 46, 47, 49, 52, 53, 54, 55, 57, 60, 61, 63, 66, 75, 76, 77, 78, 79, 80, 81, 82, 84, 87, 88, 89, 92, 93, 94, 95, 96, 99, 100, 101, 102, 103, 106, 107, 108, 109, 110, 113, 114, 115, 120, 122, 138, 140, 147], "summary": {"covered_lines": 67, "num_statements": 70, "percent_covered": 95.71428571428571, "percent_covered_display": "96", "missing_lines": 3, "excluded_lines": 0, "percent_statements_covered": 95.71428571428571, "percent_statements_covered_display": "96"}, "missing_lines": [36, 116, 117], "excluded_lines": [], "start_line": 1}}}, "api/analytics/prediction.py": {"executed_lines": [6, 7, 10, 11, 12, 13, 15, 16, 19, 24, 25, 34, 35, 36, 37, 39, 40, 41, 42, 43, 46, 49, 50, 51, 52, 53, 54, 55, 56, 58, 59, 68, 69, 70, 71, 73, 74, 75, 78, 79, 88, 91, 92, 93, 94, 95, 96, 98, 101, 102, 103, 106, 108, 117, 120, 122, 123, 124, 125, 126, 127, 129, 131, 133, 135, 137, 138, 139, 141, 142, 143, 144, 146, 147, 153, 154, 156, 157, 161, 163, 164, 169, 171, 173, 174, 175], "summary": {"covered_lines": 86, "num_statements": 90, "percent_covered": 95.55555555555556, "percent_covered_display": "96", "missing_lines": 4, "excluded_lines": 0, "percent_statements_covered": 95.55555555555556, "percent_statements_covered_display": "96"}, "missing_lines": [80, 104, 158, 159], "excluded_lines": [], "functions": {"predict_next_payday": {"executed_lines": [24, 25, 34, 46, 49, 50, 51, 52, 53, 54, 55, 56, 58, 59, 68, 69, 70, 71, 73, 74, 75, 78, 79, 88, 91, 92, 93, 94, 95, 96, 98, 101, 102, 103, 106, 108], "summary": {"covered_lines": 36, "num_statements": 38, "percent_covered": 94.73684210526316, "percent_covered_display": "95", "missing_lines": 2, "excluded_lines": 0, "percent_statements_covered": 94.73684210526316, "percent_statements_covered_display": "95"}, "missing_lines": [80, 104], "excluded_lines": [], "start_line": 19}, "predict_next_payday.get_paycheck_date": {"executed_lines": [35, 36, 37, 39, 40, 41, 42, 43], "summary": {"covered_lines": 8, "num_statements": 8, "percent_covered": 100.0, "percent_covered_display": "100", "missing_lines": 0, "excluded_lines": 0, "percent_statements_covered": 100.0, "percent_statements_covered_display": "100"}, "missing_lines": [], "excluded_lines": [], "start_line": 34}, "handler._set_headers": {"executed_lines": [122, 123, 124, 125, 126, 127], "summary": {"covered_lines": 6, "num_statements": 6, "percent_covered": 100.0, "percent_covered_display": "100", "missing_lines": 0, "excluded_lines": 0, "percent_statements_covered": 100.0, "percent_statements_covered_display": "100"}, "missing_lines": [], "excluded_lines": [], "start_line": 120}, "handler.do_OPTIONS": {"executed_lines": [131], "summary": {"covered_lines": 1, "num_statements": 1, "percent_covered": 100.0, "percent_covered_display": "100", "missing_lines": 0, "excluded_lines": 0, "percent_statements_covered": 100.0, "percent_statements_covered_display": "100"}, "missing_lines": [], "excluded_lines": [], "start_line": 129}, "handler.do_POST": {"executed_lines": [135, 137, 138, 139, 141, 142, 143, 144, 146, 147, 153, 154, 156, 157], "summary": {"covered_lines": 14, "num_statements": 16, "percent_covered": 87.5, "percent_covered_display": "88", "missing_lines": 2, "excluded_lines": 0, "percent_statements_covered": 87.5, "percent_statements_covered_display": "88"}, "missing_lines": [158, 159], "excluded_lines": [], "start_line": 133}, "handler.do_GET": {"executed_lines": [163, 164, 169], "summary": {"covered_lines": 3, "num_statements": 3, "percent_covered": 100.0, "percent_covered_display": "100", "missing_lines": 0, "excluded_lines": 0, "percent_statements_covered": 100.0, "percent_statements_covered_display": "100"}, "missing_lines": [], "excluded_lines": [], "start_line": 161}, "handler._send_error": {"executed_lines": [173, 174, 175], "summary": {"covered_lines": 3, "num_statements": 3, "percent_covered": 100.0, "percent_covered_display": "100", "missing_lines": 0, "excluded_lines": 0, "percent_statements_covered": 100.0, "percent_statements_covered_display": "100"}, "missing_lines": [], "excluded_lines": [], "start_line": 171}, "": {"executed_lines": [6, 7, 10, 11, 12, 13, 15, 16, 19, 117, 120, 129, 133, 161, 171], "summary": {"covered_lines": 15, "num_statements": 15, "percent_covered": 100.0, "percent_covered_display": "100", "missing_lines": 0, "excluded_lines": 0, "percent_statements_covered": 100.0, "percent_statements_covered_display": "100"}, "missing_lines": [], "excluded_lines": [], "start_line": 1}}, "classes": {"handler": {"executed_lines": [122, 123, 124, 125, 126, 127, 131, 135, 137, 138, 139, 141, 142, 143, 144, 146, 147, 153, 154, 156, 157, 163, 164, 169, 173, 174, 175], "summary": {"covered_lines": 27, "num_statements": 29, "percent_covered": 93.10344827586206, "percent_covered_display": "93", "missing_lines": 2, "excluded_lines": 0, "percent_statements_covered": 93.10344827586206, "percent_statements_covered_display": "93"}, "missing_lines": [158, 159], "excluded_lines": [], "start_line": 117}, "": {"executed_lines": [6, 7, 10, 11, 12, 13, 15, 16, 19, 24, 25, 34, 35, 36, 37, 39, 40, 41, 42, 43, 46, 49, 50, 51, 52, 53, 54, 55, 56, 58, 59, 68, 69, 70, 71, 73, 74, 75, 78, 79, 88, 91, 92, 93, 94, 95, 96, 98, 101, 102, 103, 106, 108, 117, 120, 129, 133, 161, 171], "summary": {"covered_lines": 59, "num_statements": 61, "percent_covered": 96.72131147540983, "percent_covered_display": "97", "missing_lines": 2, "excluded_lines": 0, "percent_statements_covered": 96.72131147540983, "percent_statements_covered_display": "97"}, "missing_lines": [80, 104], "excluded_lines": [], "start_line": 1}}}, "api/analytics/spending.py": {"executed_lines": [6, 9, 20, 22, 23, 24, 25, 28, 41, 44, 45, 49, 50, 52, 53, 57, 58, 60, 63, 66, 69, 70, 71, 72, 73, 75, 80, 81, 82, 83, 86, 87, 88, 90, 91, 93], "summary": {"covered_lines": 36, "num_statements": 40, "percent_covered": 90.0, "percent_covered_display": "90", "missing_lines": 4, "excluded_lines": 0, "percent_statements_covered": 90.0, "percent_statements_covered_display": "90"}, "missing_lines": [29, 54, 84, 85], "excluded_lines": [], "functions": {"calculate_spending_velocity": {"executed_lines": [20, 22, 23, 24, 25, 28, 41, 44, 45, 49, 50, 52, 53, 57, 58, 60, 63, 66, 69, 70, 71, 72, 73, 75, 80, 81, 82, 83, 86, 87, 88, 90, 91, 93], "summary": {"covered_lines": 34, "num_statements": 38, "percent_covered": 89.47368421052632, "percent_covered_display": "89", "missing_lines": 4, "excluded_lines": 0, "percent_statements_covered": 89.47368421052632, "percent_statements_covered_display": "89"}, "missing_lines": [29, 54, 84, 85], "excluded_lines": [], "start_line": 9}, "": {"executed_lines": [6, 9], "summary": {"covered_lines": 2, "num_statements": 2, "percent_covered": 100.0, "percent_covered_display": "100", "missing_lines": 0, "excluded_lines": 0, "percent_statements_covered": 100.0, "percent_statements_covered_display": "100"}, "missing_lines": [], "excluded_lines": [], "start_line": 1}}, "classes": {"": {"executed_lines": [6, 9, 20, 22, 23, 24, 25, 28, 41, 44, 45, 49, 50, 52, 53, 57, 58, 60, 63, 66, 69, 70, 71, 72, 73, 75, 80, 81, 82, 83, 86, 87, 88, 90, 91, 93], "summary": {"covered_lines": 36, "num_statements": 40, "percent_covered": 90.0, "percent_covered_display": "90", "missing_lines": 4, "excluded_lines": 0, "percent_statements_covered": 90.0, "percent_statements_covered_display": "90"}, "missing_lines": [29, 54, 84, 85], "excluded_lines": [], "start_line": 1}}}, "api/analytics/test_bills.py": {"executed_lines": [5, 6, 8, 11, 14, 16, 18, 19, 20, 21, 23, 25, 27, 29, 31, 34, 35, 37, 38, 40, 42, 43, 44, 45, 46, 47, 48, 50, 53, 54, 55, 56, 58, 60, 61, 62, 63, 64, 66, 69, 70, 71, 72, 74, 76, 77, 78, 79, 80, 82, 85, 86, 87, 88, 90, 92, 93, 94, 95, 96, 98, 100, 103, 104, 105, 108, 109, 110, 112, 115, 116, 117, 119, 121, 122, 124, 126, 127, 129, 131, 132, 133, 134, 136, 138, 139, 142, 143, 144, 145, 147, 150, 151, 153, 155, 156, 159, 160, 161, 165, 166, 167, 169, 171, 175, 177, 178, 181, 182, 183, 184, 186, 188, 193, 195, 201, 202, 204, 207, 208, 210, 211, 212, 214, 217, 220], "summary": {"covered_lines": 126, "num_statements": 130, "percent_covered": 96.92307692307692, "percent_covered_display": "97", "missing_lines": 4, "excluded_lines": 0, "percent_statements_covered": 96.92307692307692, "percent_statements_covered_display": "97"}, "missing_lines": [173, 190, 191, 221], "excluded_lines": [], "functions": {"TestBillPrediction.test_no_bills": {"executed_lines": [16, 18, 19, 20, 21], "summary": {"covered_lines": 5, "num_statements": 5, "percent_covered": 100.0, "percent_covered_display": "100", "missing_lines": 0, "excluded_lines": 0, "percent_statements_covered": 100.0, "percent_statements_covered_display": "100"}, "missing_lines": [], "excluded_lines": [], "start_line": 14}, "TestBillPrediction.test_insufficient_data": {"executed_lines": [25, 27, 29], "summary": {"covered_lines": 3, "num_statements": 3, "percent_covered": 100.0, "percent_covered_display": "100", "missing_lines": 0, "excluded_lines": 0, "percent_statements_covered": 100.0, "percent_statements_covered_display": "100"}, "missing_lines": [], "excluded_lines": [], "start_line": 23}, "TestBillPrediction.test_monthly_pattern": {"executed_lines": [34, 35, 37, 38, 40, 42, 43, 44, 45, 46, 47, 48], "summary": {"covered_lines": 12, "num_statements": 12, "percent_covered": 100.0, "percent_covered_display": "100", "missing_lines": 0, "excluded_lines": 0, "percent_statements_covered": 100.0, "percent_statements_covered_display": "100"}, "missing_lines": [], "excluded_lines": [], "start_line": 31}, "TestBillPrediction.test_biweekly_pattern": {"executed_lines": [53, 54, 55, 56, 58, 60, 61, 62, 63, 64], "summary": {"covered_lines": 10, "num_statements": 10, "percent_covered": 100.0, "percent_covered_display": "100", "missing_lines": 0, "excluded_lines": 0, "percent_statements_covered": 100.0, "percent_statements_covered_display": "100"}, "missing_lines": [], "excluded_lines": [], "start_line": 50}, "TestBillPrediction.test_weekly_pattern": {"executed_lines": [69, 70, 71, 72, 74, 76, 77, 78, 79, 80], "summary": {"covered_lines": 10, "num_statements": 10, "percent_covered": 100.0, "percent_covered_display": "100", "missing_lines": 0, "excluded_lines": 0, "percent_statements_covered": 100.0, "percent_statements_covered_display": "100"}, "missing_lines": [], "excluded_lines": [], "start_line": 66}, "TestBillPrediction.test_quarterly_pattern": {"executed_lines": [85, 86, 87, 88, 90, 92, 93, 94, 95, 96], "summary": {"covered_lines": 10, "num_statements": 10, "percent_covered": 100.0, "percent_covered_display": "100", "missing_lines": 0, "excluded_lines": 0, "percent_statements_covered": 100.0, "percent_statements_covered_display": "100"}, "missing_lines": [], "excluded_lines": [], "start_line": 82}, "TestBillPrediction.test_multiple_categories": {"executed_lines": [100, 103, 104, 105, 108, 109, 110, 112, 115, 116, 117], "summary": {"covered_lines": 11, "num_statements": 11, "percent_covered": 100.0, "percent_covered_display": "100", "missing_lines": 0, "excluded_lines": 0, "percent_statements_covered": 100.0, "percent_statements_covered_display": "100"}, "missing_lines": [], "excluded_lines": [], "start_line": 98}, "TestBillPrediction.test_average_amount_calculation": {"executed_lines": [121, 122, 124, 126, 127, 129, 131, 132, 133, 134], "summary": {"covered_lines": 10, "num_statements": 10, "percent_covered": 100.0, "percent_covered_display": "100", "missing_lines": 0, "excluded_lines": 0, "percent_statements_covered": 100.0, "percent_statements_covered_display": "100"}, "missing_lines": [], "excluded_lines": [], "start_line": 119}, "TestBillPrediction.test_total_predicted_amount": {"executed_lines": [138, 139, 142, 143, 144, 145, 147, 150, 151], "summary": {"covered_lines": 9, "num_statements": 9, "percent_covered": 100.0, "percent_covered_display": "100", "missing_lines": 0, "excluded_lines": 0, "percent_statements_covered": 100.0, "percent_statements_covered_display": "100"}, "missing_lines": [], "excluded_lines": [], "start_line": 136}, "TestBillPrediction.test_next_bill_date": {"executed_lines": [155, 156, 159, 160, 161, 165, 166, 167, 169, 171], "summary": {"covered_lines": 10, "num_statements": 11, "percent_covered": 90.9090909090909, "percent_covered_display": "91", "missing_lines": 1, "excluded_lines": 0, "percent_statements_covered": 90.9090909090909, "percent_statements_covered_display": "91"}, "missing_lines": [173], "excluded_lines": [], "start_line": 153}, "TestBillPrediction.test_confidence_with_irregular_pattern": {"executed_lines": [177, 178, 181, 182, 183, 184, 186, 188], "summary": {"covered_lines": 8, "num_statements": 10, "percent_covered": 80.0, "percent_covered_display": "80", "missing_lines": 2, "excluded_lines": 0, "percent_statements_covered": 80.0, "percent_statements_covered_display": "80"}, "missing_lines": [190, 191], "excluded_lines": [], "start_line": 175}, "TestBillPrediction.test_invalid_dates": {"executed_lines": [195, 201, 202], "summary": {"covered_lines": 3, "num_statements": 3, "percent_covered": 100.0, "percent_covered_display": "100", "missing_lines": 0, "excluded_lines": 0, "percent_statements_covered": 100.0, "percent_statements_covered_display": "100"}, "missing_lines": [], "excluded_lines": [], "start_line": 193}, "TestBillPrediction.test_past_bills_not_predicted": {"executed_lines": [207, 208, 210, 211, 212, 214, 217], "summary": {"covered_lines": 7, "num_statements": 7, "percent_covered": 100.0, "percent_covered_display": "100", "missing_lines": 0, "excluded_lines": 0, "percent_statements_covered": 100.0, "percent_statements_covered_display": "100"}, "missing_lines": [], "excluded_lines": [], "start_line": 204}, "": {"executed_lines": [5, 6, 8, 11, 14, 23, 31, 50, 66, 82, 98, 119, 136, 153, 175, 193, 204, 220], "summary": {"covered_lines": 18, "num_statements": 19, "percent_covered": 94.73684210526316, "percent_covered_display": "95", "missing_lines": 1, "excluded_lines": 0, "percent_statements_covered": 94.73684210526316, "percent_statements_covered_display": "95"}, "missing_lines": [221], "excluded_lines": [], "start_line": 1}}, "classes": {"TestBillPrediction": {"executed_lines": [16, 18, 19, 20, 21, 25, 27, 29, 34, 35, 37, 38, 40, 42, 43, 44, 45, 46, 47, 48, 53, 54, 55, 56, 58, 60, 61, 62, 63, 64, 69, 70, 71, 72, 74, 76, 77, 78, 79, 80, 85, 86, 87, 88, 90, 92, 93, 94, 95, 96, 100, 103, 104, 105, 108, 109, 110, 112, 115, 116, 117, 121, 122, 124, 126, 127, 129, 131, 132, 133, 134, 138, 139, 142, 143, 144, 145, 147, 150, 151, 155, 156, 159, 160, 161, 165, 166, 167, 169, 171, 177, 178, 181, 182, 183, 184, 186, 188, 195, 201, 202, 207, 208, 210, 211, 212, 214, 217], "summary": {"covered_lines": 108, "num_statements": 111, "percent_covered": 97.29729729729729, "percent_covered_display": "97", "missing_lines": 3, "excluded_lines": 0, "percent_statements_covered": 97.29729729729729, "percent_statements_covered_display": "97"}, "missing_lines": [173, 190, 191], "excluded_lines": [], "start_line": 11}, "": {"executed_lines": [5, 6, 8, 11, 14, 23, 31, 50, 66, 82, 98, 119, 136, 153, 175, 193, 204, 220], "summary": {"covered_lines": 18, "num_statements": 19, "percent_covered": 94.73684210526316, "percent_covered_display": "95", "missing_lines": 1, "excluded_lines": 0, "percent_statements_covered": 94.73684210526316, "percent_statements_covered_display": "95"}, "missing_lines": [221], "excluded_lines": [], "start_line": 1}}}, "api/analytics/test_categorization.py": {"executed_lines": [1, 3, 6, 8, 17, 27, 29, 30, 31, 32, 33, 36, 38, 43, 44, 47, 49, 57, 58, 60, 61, 63, 65, 68, 69, 70, 73, 74, 78, 79], "summary": {"covered_lines": 30, "num_statements": 30, "percent_covered": 100.0, "percent_covered_display": "100", "missing_lines": 0, "excluded_lines": 0, "percent_statements_covered": 100.0, "percent_statements_covered_display": "100"}, "missing_lines": [], "excluded_lines": [], "functions": {"test_analyze_merchant_patterns_basic": {"executed_lines": [8, 17, 27, 29, 30, 31, 32, 33], "summary": {"covered_lines": 8, "num_statements": 8, "percent_covered": 100.0, "percent_covered_display": "100", "missing_lines": 0, "excluded_lines": 0, "percent_statements_covered": 100.0, "percent_statements_covered_display": "100"}, "missing_lines": [], "excluded_lines": [], "start_line": 6}, "test_analyze_merchant_patterns_thresholds": {"executed_lines": [38, 43, 44], "summary": {"covered_lines": 3, "num_statements": 3, "percent_covered": 100.0, "percent_covered_display": "100", "missing_lines": 0, "excluded_lines": 0, "percent_statements_covered": 100.0, "percent_statements_covered_display": "100"}, "missing_lines": [], "excluded_lines": [], "start_line": 36}, "test_analyze_merchant_patterns_months": {"executed_lines": [49, 57, 58, 60, 61, 63, 65], "summary": {"covered_lines": 7, "num_statements": 7, "percent_covered": 100.0, "percent_covered_display": "100", "missing_lines": 0, "excluded_lines": 0, "percent_statements_covered": 100.0, "percent_statements_covered_display": "100"}, "missing_lines": [], "excluded_lines": [], "start_line": 47}, "test_invalid_input": {"executed_lines": [69, 70], "summary": {"covered_lines": 2, "num_statements": 2, "percent_covered": 100.0, "percent_covered_display": "100", "missing_lines": 0, "excluded_lines": 0, "percent_statements_covered": 100.0, "percent_statements_covered_display": "100"}, "missing_lines": [], "excluded_lines": [], "start_line": 68}, "test_ignore_positive_and_assigned": {"executed_lines": [74, 78, 79], "summary": {"covered_lines": 3, "num_statements": 3, "percent_covered": 100.0, "percent_covered_display": "100", "missing_lines": 0, "excluded_lines": 0, "percent_statements_covered": 100.0, "percent_statements_covered_display": "100"}, "missing_lines": [], "excluded_lines": [], "start_line": 73}, "": {"executed_lines": [1, 3, 6, 36, 47, 68, 73], "summary": {"covered_lines": 7, "num_statements": 7, "percent_covered": 100.0, "percent_covered_display": "100", "missing_lines": 0, "excluded_lines": 0, "percent_statements_covered": 100.0, "percent_statements_covered_display": "100"}, "missing_lines": [], "excluded_lines": [], "start_line": 1}}, "classes": {"": {"executed_lines": [1, 3, 6, 8, 17, 27, 29, 30, 31, 32, 33, 36, 38, 43, 44, 47, 49, 57, 58, 60, 61, 63, 65, 68, 69, 70, 73, 74, 78, 79], "summary": {"covered_lines": 30, "num_statements": 30, "percent_covered": 100.0, "percent_covered_display": "100", "missing_lines": 0, "excluded_lines": 0, "percent_statements_covered": 100.0, "percent_statements_covered_display": "100"}, "missing_lines": [], "excluded_lines": [], "start_line": 1}}}, "api/analytics/test_health.py": {"executed_lines": [5, 7, 10, 13, 15, 22, 24, 25, 26, 27, 29, 31, 38, 40, 41, 42, 44, 46, 53, 55, 56, 57, 59, 61, 68, 70, 71, 72, 74, 76, 83, 85, 86, 87, 88, 90, 92, 99, 101, 102, 103, 104, 105, 108, 109, 110, 111, 112, 113, 114, 115, 117, 119, 126, 127, 129, 136, 137, 139, 142, 148, 149, 152, 158, 159, 161, 164, 170, 171, 174, 180, 181, 184, 190, 191, 193, 196, 202, 203, 206, 212, 213, 216, 222, 223, 225, 227, 234, 237, 238, 240, 242, 249, 252, 253, 255, 257, 258, 259, 265, 266, 272, 273, 279, 280, 287, 294, 295, 296, 297, 300], "summary": {"covered_lines": 111, "num_statements": 112, "percent_covered": 99.10714285714286, "percent_covered_display": "99", "missing_lines": 1, "excluded_lines": 0, "percent_statements_covered": 99.10714285714286, "percent_statements_covered_display": "99"}, "missing_lines": [301], "excluded_lines": [], "functions": {"TestBudgetHealth.test_excellent_health": {"executed_lines": [15, 22, 24, 25, 26, 27], "summary": {"covered_lines": 6, "num_statements": 6, "percent_covered": 100.0, "percent_covered_display": "100", "missing_lines": 0, "excluded_lines": 0, "percent_statements_covered": 100.0, "percent_statements_covered_display": "100"}, "missing_lines": [], "excluded_lines": [], "start_line": 13}, "TestBudgetHealth.test_good_health": {"executed_lines": [31, 38, 40, 41, 42], "summary": {"covered_lines": 5, "num_statements": 5, "percent_covered": 100.0, "percent_covered_display": "100", "missing_lines": 0, "excluded_lines": 0, "percent_statements_covered": 100.0, "percent_statements_covered_display": "100"}, "missing_lines": [], "excluded_lines": [], "start_line": 29}, "TestBudgetHealth.test_fair_health": {"executed_lines": [46, 53, 55, 56, 57], "summary": {"covered_lines": 5, "num_statements": 5, "percent_covered": 100.0, "percent_covered_display": "100", "missing_lines": 0, "excluded_lines": 0, "percent_statements_covered": 100.0, "percent_statements_covered_display": "100"}, "missing_lines": [], "excluded_lines": [], "start_line": 44}, "TestBudgetHealth.test_poor_health": {"executed_lines": [61, 68, 70, 71, 72], "summary": {"covered_lines": 5, "num_statements": 5, "percent_covered": 100.0, "percent_covered_display": "100", "missing_lines": 0, "excluded_lines": 0, "percent_statements_covered": 100.0, "percent_statements_covered_display": "100"}, "missing_lines": [], "excluded_lines": [], "start_line": 59}, "TestBudgetHealth.test_failing_health": {"executed_lines": [76, 83, 85, 86, 87, 88], "summary": {"covered_lines": 6, "num_statements": 6, "percent_covered": 100.0, "percent_covered_display": "100", "missing_lines": 0, "excluded_lines": 0, "percent_statements_covered": 100.0, "percent_statements_covered_display": "100"}, "missing_lines": [], "excluded_lines": [], "start_line": 74}, "TestBudgetHealth.test_breakdown_components": {"executed_lines": [92, 99, 101, 102, 103, 104, 105, 108, 109, 110, 111, 112, 113, 114, 115], "summary": {"covered_lines": 15, "num_statements": 15, "percent_covered": 100.0, "percent_covered_display": "100", "missing_lines": 0, "excluded_lines": 0, "percent_statements_covered": 100.0, "percent_statements_covered_display": "100"}, "missing_lines": [], "excluded_lines": [], "start_line": 90}, "TestBudgetHealth.test_spending_pace_component": {"executed_lines": [119, 126, 127, 129, 136, 137], "summary": {"covered_lines": 6, "num_statements": 6, "percent_covered": 100.0, "percent_covered_display": "100", "missing_lines": 0, "excluded_lines": 0, "percent_statements_covered": 100.0, "percent_statements_covered_display": "100"}, "missing_lines": [], "excluded_lines": [], "start_line": 117}, "TestBudgetHealth.test_bill_preparedness_component": {"executed_lines": [142, 148, 149, 152, 158, 159], "summary": {"covered_lines": 6, "num_statements": 6, "percent_covered": 100.0, "percent_covered_display": "100", "missing_lines": 0, "excluded_lines": 0, "percent_statements_covered": 100.0, "percent_statements_covered_display": "100"}, "missing_lines": [], "excluded_lines": [], "start_line": 139}, "TestBudgetHealth.test_savings_health_component": {"executed_lines": [164, 170, 171, 174, 180, 181, 184, 190, 191], "summary": {"covered_lines": 9, "num_statements": 9, "percent_covered": 100.0, "percent_covered_display": "100", "missing_lines": 0, "excluded_lines": 0, "percent_statements_covered": 100.0, "percent_statements_covered_display": "100"}, "missing_lines": [], "excluded_lines": [], "start_line": 161}, "TestBudgetHealth.test_utilization_component": {"executed_lines": [196, 202, 203, 206, 212, 213, 216, 222, 223], "summary": {"covered_lines": 9, "num_statements": 9, "percent_covered": 100.0, "percent_covered_display": "100", "missing_lines": 0, "excluded_lines": 0, "percent_statements_covered": 100.0, "percent_statements_covered_display": "100"}, "missing_lines": [], "excluded_lines": [], "start_line": 193}, "TestBudgetHealth.test_recommendations_generated": {"executed_lines": [227, 234, 237, 238], "summary": {"covered_lines": 4, "num_statements": 4, "percent_covered": 100.0, "percent_covered_display": "100", "missing_lines": 0, "excluded_lines": 0, "percent_statements_covered": 100.0, "percent_statements_covered_display": "100"}, "missing_lines": [], "excluded_lines": [], "start_line": 225}, "TestBudgetHealth.test_strengths_identified": {"executed_lines": [242, 249, 252, 253], "summary": {"covered_lines": 4, "num_statements": 4, "percent_covered": 100.0, "percent_covered_display": "100", "missing_lines": 0, "excluded_lines": 0, "percent_statements_covered": 100.0, "percent_statements_covered_display": "100"}, "missing_lines": [], "excluded_lines": [], "start_line": 240}, "TestBudgetHealth.test_summary_message": {"executed_lines": [257, 258, 259, 265, 266, 272, 273, 279, 280, 287, 294, 295, 296, 297], "summary": {"covered_lines": 14, "num_statements": 14, "percent_covered": 100.0, "percent_covered_display": "100", "missing_lines": 0, "excluded_lines": 0, "percent_statements_covered": 100.0, "percent_statements_covered_display": "100"}, "missing_lines": [], "excluded_lines": [], "start_line": 255}, "": {"executed_lines": [5, 7, 10, 13, 29, 44, 59, 74, 90, 117, 139, 161, 193, 225, 240, 255, 300], "summary": {"covered_lines": 17, "num_statements": 18, "percent_covered": 94.44444444444444, "percent_covered_display": "94", "missing_lines": 1, "excluded_lines": 0, "percent_statements_covered": 94.44444444444444, "percent_statements_covered_display": "94"}, "missing_lines": [301], "excluded_lines": [], "start_line": 1}}, "classes": {"TestBudgetHealth": {"executed_lines": [15, 22, 24, 25, 26, 27, 31, 38, 40, 41, 42, 46, 53, 55, 56, 57, 61, 68, 70, 71, 72, 76, 83, 85, 86, 87, 88, 92, 99, 101, 102, 103, 104, 105, 108, 109, 110, 111, 112, 113, 114, 115, 119, 126, 127, 129, 136, 137, 142, 148, 149, 152, 158, 159, 164, 170, 171, 174, 180, 181, 184, 190, 191, 196, 202, 203, 206, 212, 213, 216, 222, 223, 227, 234, 237, 238, 242, 249, 252, 253, 257, 258, 259, 265, 266, 272, 273, 279, 280, 287, 294, 295, 296, 297], "summary": {"covered_lines": 94, "num_statements": 94, "percent_covered": 100.0, "percent_covered_display": "100", "missing_lines": 0, "excluded_lines": 0, "percent_statements_covered": 100.0, "percent_statements_covered_display": "100"}, "missing_lines": [], "excluded_lines": [], "start_line": 10}, "": {"executed_lines": [5, 7, 10, 13, 29, 44, 59, 74, 90, 117, 139, 161, 193, 225, 240, 255, 300], "summary": {"covered_lines": 17, "num_statements": 18, "percent_covered": 94.44444444444444, "percent_covered_display": "94", "missing_lines": 1, "excluded_lines": 0, "percent_statements_covered": 94.44444444444444, "percent_statements_covered_display": "94"}, "missing_lines": [301], "excluded_lines": [], "start_line": 1}}}, "api/analytics/test_prediction.py": {"executed_lines": [1, 2, 3, 4, 5, 6, 8, 9, 12, 13, 15, 16, 17, 19, 20, 21, 23, 25, 29, 30, 31, 33, 35, 36, 38, 39, 40, 42, 44, 45, 46, 49, 50, 51, 53, 55, 56, 57, 58, 59, 61, 62, 63, 65, 67, 73, 74, 77, 78, 79, 80, 82, 84, 88, 89, 91, 93, 98, 99, 102, 103, 104, 105, 107, 109, 111, 112, 114, 116, 120, 121, 122, 123, 125, 127, 128, 129, 130, 131, 133, 134, 135, 137, 138, 141, 142, 149, 151, 153, 154, 155, 159, 161, 163, 164, 165, 166, 168, 170, 176, 177, 179, 180, 181, 182, 183, 184, 186, 188, 189, 190, 192, 193, 194, 195, 197, 199, 200, 202, 203, 204, 206, 208, 209, 210, 213], "summary": {"covered_lines": 126, "num_statements": 131, "percent_covered": 96.18320610687023, "percent_covered_display": "96", "missing_lines": 5, "excluded_lines": 0, "percent_statements_covered": 96.18320610687023, "percent_statements_covered_display": "96"}, "missing_lines": [145, 147, 156, 157, 214], "excluded_lines": [], "functions": {"TestPaydayPredictionLogic.test_insufficient_data": {"executed_lines": [15, 16, 17, 19, 20, 21], "summary": {"covered_lines": 6, "num_statements": 6, "percent_covered": 100.0, "percent_covered_display": "100", "missing_lines": 0, "excluded_lines": 0, "percent_statements_covered": 100.0, "percent_statements_covered_display": "100"}, "missing_lines": [], "excluded_lines": [], "start_line": 13}, "TestPaydayPredictionLogic.test_invalid_dates": {"executed_lines": [25, 29, 30, 31], "summary": {"covered_lines": 4, "num_statements": 4, "percent_covered": 100.0, "percent_covered_display": "100", "missing_lines": 0, "excluded_lines": 0, "percent_statements_covered": 100.0, "percent_statements_covered_display": "100"}, "missing_lines": [], "excluded_lines": [], "start_line": 23}, "TestPaydayPredictionLogic.test_biweekly_pattern": {"executed_lines": [35, 36, 38, 39, 40, 42, 44, 45, 46, 49, 50, 51], "summary": {"covered_lines": 12, "num_statements": 12, "percent_covered": 100.0, "percent_covered_display": "100", "missing_lines": 0, "excluded_lines": 0, "percent_statements_covered": 100.0, "percent_statements_covered_display": "100"}, "missing_lines": [], "excluded_lines": [], "start_line": 33}, "TestPaydayPredictionLogic.test_weekly_pattern": {"executed_lines": [55, 56, 57, 58, 59, 61, 62, 63], "summary": {"covered_lines": 8, "num_statements": 8, "percent_covered": 100.0, "percent_covered_display": "100", "missing_lines": 0, "excluded_lines": 0, "percent_statements_covered": 100.0, "percent_statements_covered_display": "100"}, "missing_lines": [], "excluded_lines": [], "start_line": 53}, "TestPaydayPredictionLogic.test_monthly_pattern": {"executed_lines": [67, 73, 74, 77, 78, 79, 80], "summary": {"covered_lines": 7, "num_statements": 7, "percent_covered": 100.0, "percent_covered_display": "100", "missing_lines": 0, "excluded_lines": 0, "percent_statements_covered": 100.0, "percent_statements_covered_display": "100"}, "missing_lines": [], "excluded_lines": [], "start_line": 65}, "TestPaydayPredictionLogic.test_mixed_dates_and_processed_at": {"executed_lines": [84, 88, 89], "summary": {"covered_lines": 3, "num_statements": 3, "percent_covered": 100.0, "percent_covered_display": "100", "missing_lines": 0, "excluded_lines": 0, "percent_statements_covered": 100.0, "percent_statements_covered_display": "100"}, "missing_lines": [], "excluded_lines": [], "start_line": 82}, "TestPaydayPredictionLogic.test_irregular_pattern": {"executed_lines": [93, 98, 99], "summary": {"covered_lines": 3, "num_statements": 3, "percent_covered": 100.0, "percent_covered_display": "100", "missing_lines": 0, "excluded_lines": 0, "percent_statements_covered": 100.0, "percent_statements_covered_display": "100"}, "missing_lines": [], "excluded_lines": [], "start_line": 91}, "MockPredictionHandler.__init__": {"executed_lines": [104, 105, 107], "summary": {"covered_lines": 3, "num_statements": 3, "percent_covered": 100.0, "percent_covered_display": "100", "missing_lines": 0, "excluded_lines": 0, "percent_statements_covered": 100.0, "percent_statements_covered_display": "100"}, "missing_lines": [], "excluded_lines": [], "start_line": 103}, "MockPredictionHandler.setup": {"executed_lines": [111, 112], "summary": {"covered_lines": 2, "num_statements": 2, "percent_covered": 100.0, "percent_covered_display": "100", "missing_lines": 0, "excluded_lines": 0, "percent_statements_covered": 100.0, "percent_statements_covered_display": "100"}, "missing_lines": [], "excluded_lines": [], "start_line": 109}, "MockPredictionHandler.finish": {"executed_lines": [116], "summary": {"covered_lines": 1, "num_statements": 1, "percent_covered": 100.0, "percent_covered_display": "100", "missing_lines": 0, "excluded_lines": 0, "percent_statements_covered": 100.0, "percent_statements_covered_display": "100"}, "missing_lines": [], "excluded_lines": [], "start_line": 114}, "TestPredictionHandler.setUp": {"executed_lines": [122, 123], "summary": {"covered_lines": 2, "num_statements": 2, "percent_covered": 100.0, "percent_covered_display": "100", "missing_lines": 0, "excluded_lines": 0, "percent_statements_covered": 100.0, "percent_statements_covered_display": "100"}, "missing_lines": [], "excluded_lines": [], "start_line": 121}, "TestPredictionHandler._run_request": {"executed_lines": [127, 128, 129, 130, 131, 133, 134, 135, 137, 138, 141, 142, 149], "summary": {"covered_lines": 13, "num_statements": 15, "percent_covered": 86.66666666666667, "percent_covered_display": "87", "missing_lines": 2, "excluded_lines": 0, "percent_statements_covered": 86.66666666666667, "percent_statements_covered_display": "87"}, "missing_lines": [145, 147], "excluded_lines": [], "start_line": 125}, "TestPredictionHandler._parse_response": {"executed_lines": [153, 154, 155], "summary": {"covered_lines": 3, "num_statements": 5, "percent_covered": 60.0, "percent_covered_display": "60", "missing_lines": 2, "excluded_lines": 0, "percent_statements_covered": 60.0, "percent_statements_covered_display": "60"}, "missing_lines": [156, 157], "excluded_lines": [], "start_line": 151}, "TestPredictionHandler.test_do_GET_health_check": {"executed_lines": [161, 163, 164, 165, 166], "summary": {"covered_lines": 5, "num_statements": 5, "percent_covered": 100.0, "percent_covered_display": "100", "missing_lines": 0, "excluded_lines": 0, "percent_statements_covered": 100.0, "percent_statements_covered_display": "100"}, "missing_lines": [], "excluded_lines": [], "start_line": 159}, "TestPredictionHandler.test_do_POST_success": {"executed_lines": [170, 176, 177, 179, 180, 181, 182, 183, 184], "summary": {"covered_lines": 9, "num_statements": 9, "percent_covered": 100.0, "percent_covered_display": "100", "missing_lines": 0, "excluded_lines": 0, "percent_statements_covered": 100.0, "percent_statements_covered_display": "100"}, "missing_lines": [], "excluded_lines": [], "start_line": 168}, "TestPredictionHandler.test_do_POST_missing_paychecks": {"executed_lines": [188, 189, 190, 192, 193, 194, 195], "summary": {"covered_lines": 7, "num_statements": 7, "percent_covered": 100.0, "percent_covered_display": "100", "missing_lines": 0, "excluded_lines": 0, "percent_statements_covered": 100.0, "percent_statements_covered_display": "100"}, "missing_lines": [], "excluded_lines": [], "start_line": 186}, "TestPredictionHandler.test_do_POST_invalid_json": {"executed_lines": [199, 200, 202, 203, 204], "summary": {"covered_lines": 5, "num_statements": 5, "percent_covered": 100.0, "percent_covered_display": "100", "missing_lines": 0, "excluded_lines": 0, "percent_statements_covered": 100.0, "percent_statements_covered_display": "100"}, "missing_lines": [], "excluded_lines": [], "start_line": 197}, "TestPredictionHandler.test_do_OPTIONS": {"executed_lines": [208, 209, 210], "summary": {"covered_lines": 3, "num_statements": 3, "percent_covered": 100.0, "percent_covered_display": "100", "missing_lines": 0, "excluded_lines": 0, "percent_statements_covered": 100.0, "percent_statements_covered_display": "100"}, "missing_lines": [], "excluded_lines": [], "start_line": 206}, "": {"executed_lines": [1, 2, 3, 4, 5, 6, 8, 9, 12, 13, 23, 33, 53, 65, 82, 91, 102, 103, 109, 114, 120, 121, 125, 151, 159, 168, 186, 197, 206, 213], "summary": {"covered_lines": 30, "num_statements": 31, "percent_covered": 96.7741935483871, "percent_covered_display": "97", "missing_lines": 1, "excluded_lines": 0, "percent_statements_covered": 96.7741935483871, "percent_statements_covered_display": "97"}, "missing_lines": [214], "excluded_lines": [], "start_line": 1}}, "classes": {"TestPaydayPredictionLogic": {"executed_lines": [15, 16, 17, 19, 20, 21, 25, 29, 30, 31, 35, 36, 38, 39, 40, 42, 44, 45, 46, 49, 50, 51, 55, 56, 57, 58, 59, 61, 62, 63, 67, 73, 74, 77, 78, 79, 80, 84, 88, 89, 93, 98, 99], "summary": {"covered_lines": 43, "num_statements": 43, "percent_covered": 100.0, "percent_covered_display": "100", "missing_lines": 0, "excluded_lines": 0, "percent_statements_covered": 100.0, "percent_statements_covered_display": "100"}, "missing_lines": [], "excluded_lines": [], "start_line": 12}, "MockPredictionHandler": {"executed_lines": [104, 105, 107, 111, 112, 116], "summary": {"covered_lines": 6, "num_statements": 6, "percent_covered": 100.0, "percent_covered_display": "100", "missing_lines": 0, "excluded_lines": 0, "percent_statements_covered": 100.0, "percent_statements_covered_display": "100"}, "missing_lines": [], "excluded_lines": [], "start_line": 102}, "TestPredictionHandler": {"executed_lines": [122, 123, 127, 128, 129, 130, 131, 133, 134, 135, 137, 138, 141, 142, 149, 153, 154, 155, 161, 163, 164, 165, 166, 170, 176, 177, 179, 180, 181, 182, 183, 184, 188, 189, 190, 192, 193, 194, 195, 199, 200, 202, 203, 204, 208, 209, 210], "summary": {"covered_lines": 47, "num_statements": 51, "percent_covered": 92.15686274509804, "percent_covered_display": "92", "missing_lines": 4, "excluded_lines": 0, "percent_statements_covered": 92.15686274509804, "percent_statements_covered_display": "92"}, "missing_lines": [145, 147, 156, 157], "excluded_lines": [], "start_line": 120}, "": {"executed_lines": [1, 2, 3, 4, 5, 6, 8, 9, 12, 13, 23, 33, 53, 65, 82, 91, 102, 103, 109, 114, 120, 121, 125, 151, 159, 168, 186, 197, 206, 213], "summary": {"covered_lines": 30, "num_statements": 31, "percent_covered": 96.7741935483871, "percent_covered_display": "97", "missing_lines": 1, "excluded_lines": 0, "percent_statements_covered": 96.7741935483871, "percent_statements_covered_display": "97"}, "missing_lines": [214], "excluded_lines": [], "start_line": 1}}}, "api/analytics/test_spending.py": {"executed_lines": [5, 7, 10, 13, 15, 22, 24, 25, 27, 28, 30, 32, 39, 41, 42, 43, 44, 45, 46, 48, 50, 57, 59, 60, 61, 62, 63, 65, 67, 74, 76, 77, 78, 80, 82, 89, 91, 92, 93, 95, 97, 104, 106, 107, 108, 110, 112, 119, 121, 122, 124, 126, 133, 135, 136, 138, 139, 141, 143, 150, 155, 157, 160, 166, 167, 170, 176, 177, 180], "summary": {"covered_lines": 69, "num_statements": 70, "percent_covered": 98.57142857142857, "percent_covered_display": "99", "missing_lines": 1, "excluded_lines": 0, "percent_statements_covered": 98.57142857142857, "percent_statements_covered_display": "99"}, "missing_lines": [181], "excluded_lines": [], "functions": {"TestSpendingVelocity.test_perfect_pacing": {"executed_lines": [15, 22, 24, 25, 27, 28], "summary": {"covered_lines": 6, "num_statements": 6, "percent_covered": 100.0, "percent_covered_display": "100", "missing_lines": 0, "excluded_lines": 0, "percent_statements_covered": 100.0, "percent_statements_covered_display": "100"}, "missing_lines": [], "excluded_lines": [], "start_line": 13}, "TestSpendingVelocity.test_overspending": {"executed_lines": [32, 39, 41, 42, 43, 44, 45, 46], "summary": {"covered_lines": 8, "num_statements": 8, "percent_covered": 100.0, "percent_covered_display": "100", "missing_lines": 0, "excluded_lines": 0, "percent_statements_covered": 100.0, "percent_statements_covered_display": "100"}, "missing_lines": [], "excluded_lines": [], "start_line": 30}, "TestSpendingVelocity.test_underspending": {"executed_lines": [50, 57, 59, 60, 61, 62, 63], "summary": {"covered_lines": 7, "num_statements": 7, "percent_covered": 100.0, "percent_covered_display": "100", "missing_lines": 0, "excluded_lines": 0, "percent_statements_covered": 100.0, "percent_statements_covered_display": "100"}, "missing_lines": [], "excluded_lines": [], "start_line": 48}, "TestSpendingVelocity.test_zero_days_elapsed": {"executed_lines": [67, 74, 76, 77, 78], "summary": {"covered_lines": 5, "num_statements": 5, "percent_covered": 100.0, "percent_covered_display": "100", "missing_lines": 0, "excluded_lines": 0, "percent_statements_covered": 100.0, "percent_statements_covered_display": "100"}, "missing_lines": [], "excluded_lines": [], "start_line": 65}, "TestSpendingVelocity.test_budget_already_exceeded": {"executed_lines": [82, 89, 91, 92, 93], "summary": {"covered_lines": 5, "num_statements": 5, "percent_covered": 100.0, "percent_covered_display": "100", "missing_lines": 0, "excluded_lines": 0, "percent_statements_covered": 100.0, "percent_statements_covered_display": "100"}, "missing_lines": [], "excluded_lines": [], "start_line": 80}, "TestSpendingVelocity.test_high_velocity_warning": {"executed_lines": [97, 104, 106, 107, 108], "summary": {"covered_lines": 5, "num_statements": 5, "percent_covered": 100.0, "percent_covered_display": "100", "missing_lines": 0, "excluded_lines": 0, "percent_statements_covered": 100.0, "percent_statements_covered_display": "100"}, "missing_lines": [], "excluded_lines": [], "start_line": 95}, "TestSpendingVelocity.test_zero_budget": {"executed_lines": [112, 119, 121, 122], "summary": {"covered_lines": 4, "num_statements": 4, "percent_covered": 100.0, "percent_covered_display": "100", "missing_lines": 0, "excluded_lines": 0, "percent_statements_covered": 100.0, "percent_statements_covered_display": "100"}, "missing_lines": [], "excluded_lines": [], "start_line": 110}, "TestSpendingVelocity.test_projections_accuracy": {"executed_lines": [126, 133, 135, 136, 138, 139], "summary": {"covered_lines": 6, "num_statements": 6, "percent_covered": 100.0, "percent_covered_display": "100", "missing_lines": 0, "excluded_lines": 0, "percent_statements_covered": 100.0, "percent_statements_covered_display": "100"}, "missing_lines": [], "excluded_lines": [], "start_line": 124}, "TestSpendingVelocity.test_days_until_exceeded_calculation": {"executed_lines": [143, 150, 155], "summary": {"covered_lines": 3, "num_statements": 3, "percent_covered": 100.0, "percent_covered_display": "100", "missing_lines": 0, "excluded_lines": 0, "percent_statements_covered": 100.0, "percent_statements_covered_display": "100"}, "missing_lines": [], "excluded_lines": [], "start_line": 141}, "TestSpendingVelocity.test_severity_levels": {"executed_lines": [160, 166, 167, 170, 176, 177], "summary": {"covered_lines": 6, "num_statements": 6, "percent_covered": 100.0, "percent_covered_display": "100", "missing_lines": 0, "excluded_lines": 0, "percent_statements_covered": 100.0, "percent_statements_covered_display": "100"}, "missing_lines": [], "excluded_lines": [], "start_line": 157}, "": {"executed_lines": [5, 7, 10, 13, 30, 48, 65, 80, 95, 110, 124, 141, 157, 180], "summary": {"covered_lines": 14, "num_statements": 15, "percent_covered": 93.33333333333333, "percent_covered_display": "93", "missing_lines": 1, "excluded_lines": 0, "percent_statements_covered": 93.33333333333333, "percent_statements_covered_display": "93"}, "missing_lines": [181], "excluded_lines": [], "start_line": 1}}, "classes": {"TestSpendingVelocity": {"executed_lines": [15, 22, 24, 25, 27, 28, 32, 39, 41, 42, 43, 44, 45, 46, 50, 57, 59, 60, 61, 62, 63, 67, 74, 76, 77, 78, 82, 89, 91, 92, 93, 97, 104, 106, 107, 108, 112, 119, 121, 122, 126, 133, 135, 136, 138, 139, 143, 150, 155, 160, 166, 167, 170, 176, 177], "summary": {"covered_lines": 55, "num_statements": 55, "percent_covered": 100.0, "percent_covered_display": "100", "missing_lines": 0, "excluded_lines": 0, "percent_statements_covered": 100.0, "percent_statements_covered_display": "100"}, "missing_lines": [], "excluded_lines": [], "start_line": 10}, "": {"executed_lines": [5, 7, 10, 13, 30, 48, 65, 80, 95, 110, 124, 141, 157, 180], "summary": {"covered_lines": 14, "num_statements": 15, "percent_covered": 93.33333333333333, "percent_covered_display": "93", "missing_lines": 1, "excluded_lines": 0, "percent_statements_covered": 93.33333333333333, "percent_statements_covered_display": "93"}, "missing_lines": [181], "excluded_lines": [], "start_line": 1}}}, "api/autofunding/__init__.py": {"executed_lines": [5, 9, 16, 21, 28], "summary": {"covered_lines": 5, "num_statements": 5, "percent_covered": 100.0, "percent_covered_display": "100", "missing_lines": 0, "excluded_lines": 0, "percent_statements_covered": 100.0, "percent_statements_covered_display": "100"}, "missing_lines": [], "excluded_lines": [], "functions": {"": {"executed_lines": [5, 9, 16, 21, 28], "summary": {"covered_lines": 5, "num_statements": 5, "percent_covered": 100.0, "percent_covered_display": "100", "missing_lines": 0, "excluded_lines": 0, "percent_statements_covered": 100.0, "percent_statements_covered_display": "100"}, "missing_lines": [], "excluded_lines": [], "start_line": 1}}, "classes": {"": {"executed_lines": [5, 9, 16, 21, 28], "summary": {"covered_lines": 5, "num_statements": 5, "percent_covered": 100.0, "percent_covered_display": "100", "missing_lines": 0, "excluded_lines": 0, "percent_statements_covered": 100.0, "percent_statements_covered_display": "100"}, "missing_lines": [], "excluded_lines": [], "start_line": 1}}}, "api/autofunding/conditions.py": {"executed_lines": [7, 9, 12, 23, 27, 30, 34, 41, 47, 50, 53, 119, 143, 177, 214], "summary": {"covered_lines": 15, "num_statements": 103, "percent_covered": 14.563106796116505, "percent_covered_display": "15", "missing_lines": 88, "excluded_lines": 0, "percent_statements_covered": 14.563106796116505, "percent_statements_covered_display": "15"}, "missing_lines": [24, 31, 42, 43, 44, 48, 64, 65, 67, 68, 70, 71, 72, 75, 77, 78, 80, 81, 82, 84, 85, 86, 87, 89, 90, 92, 93, 94, 96, 97, 98, 99, 101, 102, 104, 105, 106, 108, 109, 110, 112, 113, 114, 116, 130, 131, 133, 134, 135, 136, 138, 139, 140, 156, 158, 159, 161, 163, 164, 165, 166, 167, 168, 169, 170, 171, 172, 174, 189, 190, 192, 193, 194, 195, 198, 200, 201, 202, 203, 204, 205, 206, 207, 209, 210, 211, 226, 229], "excluded_lines": [], "functions": {"should_rule_execute": {"executed_lines": [23, 27, 30, 34, 41, 47, 50], "summary": {"covered_lines": 7, "num_statements": 13, "percent_covered": 53.84615384615385, "percent_covered_display": "54", "missing_lines": 6, "excluded_lines": 0, "percent_statements_covered": 53.84615384615385, "percent_statements_covered_display": "54"}, "missing_lines": [24, 31, 42, 43, 44, 48], "excluded_lines": [], "start_line": 12}, "evaluate_conditions": {"executed_lines": [], "summary": {"covered_lines": 0, "num_statements": 38, "percent_covered": 0.0, "percent_covered_display": "0", "missing_lines": 38, "excluded_lines": 0, "percent_statements_covered": 0.0, "percent_statements_covered_display": "0"}, "missing_lines": [64, 65, 67, 68, 70, 71, 72, 75, 77, 78, 80, 81, 82, 84, 85, 86, 87, 89, 90, 92, 93, 94, 96, 97, 98, 99, 101, 102, 104, 105, 106, 108, 109, 110, 112, 113, 114, 116], "excluded_lines": [], "start_line": 53}, "evaluate_date_range_condition": {"executed_lines": [], "summary": {"covered_lines": 0, "num_statements": 9, "percent_covered": 0.0, "percent_covered_display": "0", "missing_lines": 9, "excluded_lines": 0, "percent_statements_covered": 0.0, "percent_statements_covered_display": "0"}, "missing_lines": [130, 131, 133, 134, 135, 136, 138, 139, 140], "excluded_lines": [], "start_line": 119}, "evaluate_transaction_amount_condition": {"executed_lines": [], "summary": {"covered_lines": 0, "num_statements": 15, "percent_covered": 0.0, "percent_covered_display": "0", "missing_lines": 15, "excluded_lines": 0, "percent_statements_covered": 0.0, "percent_statements_covered_display": "0"}, "missing_lines": [156, 158, 159, 161, 163, 164, 165, 166, 167, 168, 169, 170, 171, 172, 174], "excluded_lines": [], "start_line": 143}, "check_schedule": {"executed_lines": [], "summary": {"covered_lines": 0, "num_statements": 18, "percent_covered": 0.0, "percent_covered_display": "0", "missing_lines": 18, "excluded_lines": 0, "percent_statements_covered": 0.0, "percent_statements_covered_display": "0"}, "missing_lines": [189, 190, 192, 193, 194, 195, 198, 200, 201, 202, 203, 204, 205, 206, 207, 209, 210, 211], "excluded_lines": [], "start_line": 177}, "check_payday_schedule": {"executed_lines": [], "summary": {"covered_lines": 0, "num_statements": 2, "percent_covered": 0.0, "percent_covered_display": "0", "missing_lines": 2, "excluded_lines": 0, "percent_statements_covered": 0.0, "percent_statements_covered_display": "0"}, "missing_lines": [226, 229], "excluded_lines": [], "start_line": 214}, "": {"executed_lines": [7, 9, 12, 53, 119, 143, 177, 214], "summary": {"covered_lines": 8, "num_statements": 8, "percent_covered": 100.0, "percent_covered_display": "100", "missing_lines": 0, "excluded_lines": 0, "percent_statements_covered": 100.0, "percent_statements_covered_display": "100"}, "missing_lines": [], "excluded_lines": [], "start_line": 1}}, "classes": {"": {"executed_lines": [7, 9, 12, 23, 27, 30, 34, 41, 47, 50, 53, 119, 143, 177, 214], "summary": {"covered_lines": 15, "num_statements": 103, "percent_covered": 14.563106796116505, "percent_covered_display": "15", "missing_lines": 88, "excluded_lines": 0, "percent_statements_covered": 14.563106796116505, "percent_statements_covered_display": "15"}, "missing_lines": [24, 31, 42, 43, 44, 48, 64, 65, 67, 68, 70, 71, 72, 75, 77, 78, 80, 81, 82, 84, 85, 86, 87, 89, 90, 92, 93, 94, 96, 97, 98, 99, 101, 102, 104, 105, 106, 108, 109, 110, 112, 113, 114, 116, 130, 131, 133, 134, 135, 136, 138, 139, 140, 156, 158, 159, 161, 163, 164, 165, 166, 167, 168, 169, 170, 171, 172, 174, 189, 190, 192, 193, 194, 195, 198, 200, 201, 202, 203, 204, 205, 206, 207, 209, 210, 211, 226, 229], "excluded_lines": [], "start_line": 1}}}, "api/autofunding/currency.py": {"executed_lines": [5, 8, 25, 27, 29, 32, 49, 50, 53, 70, 71, 74, 75, 78, 79, 81, 82, 83, 84, 87, 89], "summary": {"covered_lines": 21, "num_statements": 21, "percent_covered": 100.0, "percent_covered_display": "100", "missing_lines": 0, "excluded_lines": 0, "percent_statements_covered": 100.0, "percent_statements_covered_display": "100"}, "missing_lines": [], "excluded_lines": [], "functions": {"round_currency": {"executed_lines": [25, 27, 29], "summary": {"covered_lines": 3, "num_statements": 3, "percent_covered": 100.0, "percent_covered_display": "100", "missing_lines": 0, "excluded_lines": 0, "percent_statements_covered": 100.0, "percent_statements_covered_display": "100"}, "missing_lines": [], "excluded_lines": [], "start_line": 8}, "calculate_percentage_amount": {"executed_lines": [49, 50], "summary": {"covered_lines": 2, "num_statements": 2, "percent_covered": 100.0, "percent_covered_display": "100", "missing_lines": 0, "excluded_lines": 0, "percent_statements_covered": 100.0, "percent_statements_covered_display": "100"}, "missing_lines": [], "excluded_lines": [], "start_line": 32}, "split_amount": {"executed_lines": [70, 71, 74, 75, 78, 79, 81, 82, 83, 84, 87, 89], "summary": {"covered_lines": 12, "num_statements": 12, "percent_covered": 100.0, "percent_covered_display": "100", "missing_lines": 0, "excluded_lines": 0, "percent_statements_covered": 100.0, "percent_statements_covered_display": "100"}, "missing_lines": [], "excluded_lines": [], "start_line": 53}, "": {"executed_lines": [5, 8, 32, 53], "summary": {"covered_lines": 4, "num_statements": 4, "percent_covered": 100.0, "percent_covered_display": "100", "missing_lines": 0, "excluded_lines": 0, "percent_statements_covered": 100.0, "percent_statements_covered_display": "100"}, "missing_lines": [], "excluded_lines": [], "start_line": 1}}, "classes": {"": {"executed_lines": [5, 8, 25, 27, 29, 32, 49, 50, 53, 70, 71, 74, 75, 78, 79, 81, 82, 83, 84, 87, 89], "summary": {"covered_lines": 21, "num_statements": 21, "percent_covered": 100.0, "percent_covered_display": "100", "missing_lines": 0, "excluded_lines": 0, "percent_statements_covered": 100.0, "percent_statements_covered_display": "100"}, "missing_lines": [], "excluded_lines": [], "start_line": 1}}}, "api/autofunding/index.py": {"executed_lines": [], "summary": {"covered_lines": 0, "num_statements": 61, "percent_covered": 0.0, "percent_covered_display": "0", "missing_lines": 61, "excluded_lines": 0, "percent_statements_covered": 0.0, "percent_statements_covered_display": "0"}, "missing_lines": [6, 7, 8, 9, 10, 12, 15, 16, 19, 22, 56, 59, 60, 62, 64, 65, 66, 67, 68, 69, 71, 73, 74, 76, 78, 80, 82, 84, 86, 88, 89, 90, 91, 93, 96, 97, 98, 99, 100, 103, 104, 105, 107, 108, 109, 110, 111, 112, 113, 114, 115, 118, 121, 122, 124, 129, 131, 133, 134, 136, 138], "excluded_lines": [], "functions": {"handler._get_allowed_origin": {"executed_lines": [], "summary": {"covered_lines": 0, "num_statements": 2, "percent_covered": 0.0, "percent_covered_display": "0", "missing_lines": 2, "excluded_lines": 0, "percent_statements_covered": 0.0, "percent_statements_covered_display": "0"}, "missing_lines": [59, 60], "excluded_lines": [], "start_line": 56}, "handler._set_headers": {"executed_lines": [], "summary": {"covered_lines": 0, "num_statements": 6, "percent_covered": 0.0, "percent_covered_display": "0", "missing_lines": 6, "excluded_lines": 0, "percent_statements_covered": 0.0, "percent_statements_covered_display": "0"}, "missing_lines": [64, 65, 66, 67, 68, 69], "excluded_lines": [], "start_line": 62}, "handler._send_json_response": {"executed_lines": [], "summary": {"covered_lines": 0, "num_statements": 2, "percent_covered": 0.0, "percent_covered_display": "0", "missing_lines": 2, "excluded_lines": 0, "percent_statements_covered": 0.0, "percent_statements_covered_display": "0"}, "missing_lines": [73, 74], "excluded_lines": [], "start_line": 71}, "handler._send_error_response": {"executed_lines": [], "summary": {"covered_lines": 0, "num_statements": 1, "percent_covered": 0.0, "percent_covered_display": "0", "missing_lines": 1, "excluded_lines": 0, "percent_statements_covered": 0.0, "percent_statements_covered_display": "0"}, "missing_lines": [78], "excluded_lines": [], "start_line": 76}, "handler.do_OPTIONS": {"executed_lines": [], "summary": {"covered_lines": 0, "num_statements": 1, "percent_covered": 0.0, "percent_covered_display": "0", "missing_lines": 1, "excluded_lines": 0, "percent_statements_covered": 0.0, "percent_statements_covered_display": "0"}, "missing_lines": [82], "excluded_lines": [], "start_line": 80}, "handler.do_POST": {"executed_lines": [], "summary": {"covered_lines": 0, "num_statements": 31, "percent_covered": 0.0, "percent_covered_display": "0", "missing_lines": 31, "excluded_lines": 0, "percent_statements_covered": 0.0, "percent_statements_covered_display": "0"}, "missing_lines": [86, 88, 89, 90, 91, 93, 96, 97, 98, 99, 100, 103, 104, 105, 107, 108, 109, 110, 111, 112, 113, 114, 115, 118, 121, 122, 124, 129, 131, 133, 134], "excluded_lines": [], "start_line": 84}, "handler.do_GET": {"executed_lines": [], "summary": {"covered_lines": 0, "num_statements": 1, "percent_covered": 0.0, "percent_covered_display": "0", "missing_lines": 1, "excluded_lines": 0, "percent_statements_covered": 0.0, "percent_statements_covered_display": "0"}, "missing_lines": [138], "excluded_lines": [], "start_line": 136}, "": {"executed_lines": [], "summary": {"covered_lines": 0, "num_statements": 17, "percent_covered": 0.0, "percent_covered_display": "0", "missing_lines": 17, "excluded_lines": 0, "percent_statements_covered": 0.0, "percent_statements_covered_display": "0"}, "missing_lines": [6, 7, 8, 9, 10, 12, 15, 16, 19, 22, 56, 62, 71, 76, 80, 84, 136], "excluded_lines": [], "start_line": 1}}, "classes": {"handler": {"executed_lines": [], "summary": {"covered_lines": 0, "num_statements": 44, "percent_covered": 0.0, "percent_covered_display": "0", "missing_lines": 44, "excluded_lines": 0, "percent_statements_covered": 0.0, "percent_statements_covered_display": "0"}, "missing_lines": [59, 60, 64, 65, 66, 67, 68, 69, 73, 74, 78, 82, 86, 88, 89, 90, 91, 93, 96, 97, 98, 99, 100, 103, 104, 105, 107, 108, 109, 110, 111, 112, 113, 114, 115, 118, 121, 122, 124, 129, 131, 133, 134, 138], "excluded_lines": [], "start_line": 22}, "": {"executed_lines": [], "summary": {"covered_lines": 0, "num_statements": 17, "percent_covered": 0.0, "percent_covered_display": "0", "missing_lines": 17, "excluded_lines": 0, "percent_statements_covered": 0.0, "percent_statements_covered_display": "0"}, "missing_lines": [6, 7, 8, 9, 10, 12, 15, 16, 19, 22, 56, 62, 71, 76, 80, 84, 136], "excluded_lines": [], "start_line": 1}}}, "api/autofunding/models.py": {"executed_lines": [6, 8, 11, 20, 29, 32, 35, 38, 39, 40, 41, 42, 43, 44, 48, 51, 52, 53, 54, 55, 56, 57, 58, 59, 63, 66, 67, 68, 69, 70, 71, 72, 73, 74, 75, 76, 80, 83, 84, 85, 86, 90, 93, 94, 95, 98, 101, 102, 103, 107, 110, 111, 112, 113, 114, 115, 119, 122, 123, 124, 125, 126, 127, 128, 132, 135, 136, 137, 141, 144, 145, 146, 147, 148, 149, 153, 156, 157, 158, 162, 165, 166, 167, 171, 174, 175], "summary": {"covered_lines": 86, "num_statements": 86, "percent_covered": 100.0, "percent_covered_display": "100", "missing_lines": 0, "excluded_lines": 0, "percent_statements_covered": 100.0, "percent_statements_covered_display": "100"}, "missing_lines": [], "excluded_lines": [], "functions": {"": {"executed_lines": [6, 8, 11, 20, 29, 32, 35, 38, 39, 40, 41, 42, 43, 44, 48, 51, 52, 53, 54, 55, 56, 57, 58, 59, 63, 66, 67, 68, 69, 70, 71, 72, 73, 74, 75, 76, 80, 83, 84, 85, 86, 90, 93, 94, 95, 98, 101, 102, 103, 107, 110, 111, 112, 113, 114, 115, 119, 122, 123, 124, 125, 126, 127, 128, 132, 135, 136, 137, 141, 144, 145, 146, 147, 148, 149, 153, 156, 157, 158, 162, 165, 166, 167, 171, 174, 175], "summary": {"covered_lines": 86, "num_statements": 86, "percent_covered": 100.0, "percent_covered_display": "100", "missing_lines": 0, "excluded_lines": 0, "percent_statements_covered": 100.0, "percent_statements_covered_display": "100"}, "missing_lines": [], "excluded_lines": [], "start_line": 1}}, "classes": {"Condition": {"executed_lines": [], "summary": {"covered_lines": 0, "num_statements": 0, "percent_covered": 100.0, "percent_covered_display": "100", "missing_lines": 0, "excluded_lines": 0, "percent_statements_covered": 100.0, "percent_statements_covered_display": "100"}, "missing_lines": [], "excluded_lines": [], "start_line": 35}, "RuleConfig": {"executed_lines": [], "summary": {"covered_lines": 0, "num_statements": 0, "percent_covered": 100.0, "percent_covered_display": "100", "missing_lines": 0, "excluded_lines": 0, "percent_statements_covered": 100.0, "percent_statements_covered_display": "100"}, "missing_lines": [], "excluded_lines": [], "start_line": 48}, "AutoFundingRule": {"executed_lines": [], "summary": {"covered_lines": 0, "num_statements": 0, "percent_covered": 100.0, "percent_covered_display": "100", "missing_lines": 0, "excluded_lines": 0, "percent_statements_covered": 100.0, "percent_statements_covered_display": "100"}, "missing_lines": [], "excluded_lines": [], "start_line": 63}, "EnvelopeData": {"executed_lines": [], "summary": {"covered_lines": 0, "num_statements": 0, "percent_covered": 100.0, "percent_covered_display": "100", "missing_lines": 0, "excluded_lines": 0, "percent_statements_covered": 100.0, "percent_statements_covered_display": "100"}, "missing_lines": [], "excluded_lines": [], "start_line": 80}, "AutoFundingContextData": {"executed_lines": [], "summary": {"covered_lines": 0, "num_statements": 0, "percent_covered": 100.0, "percent_covered_display": "100", 
[...]
48, 49, 52, 53, 54, 55, 58, 60, 61, 70, 72, 73, 74, 77, 79, 80, 89, 91, 94, 95, 98, 99, 100, 101, 104, 105, 106, 107, 108, 110, 111, 112, 113, 114, 115, 118, 119, 120, 123, 124, 125, 126, 127, 130, 133, 134, 135, 138, 140, 141, 142, 145, 146, 147, 150, 151, 160, 163, 165, 166, 167], "summary": {"covered_lines": 89, "num_statements": 89, "percent_covered": 100.0, "percent_covered_display": "100", "missing_lines": 0, "excluded_lines": 0, "percent_statements_covered": 100.0, "percent_statements_covered_display": "100"}, "missing_lines": [], "excluded_lines": [], "start_line": 1}}}, "api/test_analytics.py": {"executed_lines": [5, 6, 7, 8, 9, 10, 11, 12, 13, 16, 19, 21, 24, 25, 26, 27, 29, 37, 40, 43, 44, 45, 46, 48, 49, 50, 52, 53, 56, 59, 62, 63, 64, 66, 68, 69, 70, 71, 72, 74, 75, 76, 78, 79, 81, 85, 87, 89, 90, 91, 95, 97, 99, 100, 101, 102, 103, 105, 107, 109, 110, 111, 113, 115, 123, 124, 126, 127, 128, 129, 130, 131, 134, 135, 136, 137, 139, 141, 142, 143, 144, 145, 147, 148, 149, 151, 152, 153, 154, 155, 156, 159, 160, 161, 163, 165, 173, 174, 176, 177, 178, 179, 180, 181, 184, 185, 186, 187, 189, 191, 192, 193, 194, 195, 197, 212, 213, 215, 216, 217, 218, 219, 220, 222, 224, 225, 226, 228, 229, 230, 231, 232, 233, 235, 237, 238, 240, 241, 242, 243, 244, 246, 248, 256, 257, 259, 260, 261, 262, 264, 266, 274, 275, 277, 278, 279, 281, 283, 284, 285, 288, 289, 292], "summary": {"covered_lines": 163, "num_statements": 167, "percent_covered": 97.60479041916167, "percent_covered_display": "98", "missing_lines": 4, "excluded_lines": 2, "percent_statements_covered": 97.60479041916167, "percent_statements_covered_display": "98"}, "missing_lines": [31, 92, 93, 293], "excluded_lines": [34, 35], "functions": {"MockAnalyticsHandler.__init__": {"executed_lines": [44, 45, 46], "summary": {"covered_lines": 3, "num_statements": 3, "percent_covered": 100.0, "percent_covered_display": "100", "missing_lines": 0, "excluded_lines": 0, "percent_statements_covered": 100.0, "percent_statements_covered_display": "100"}, "missing_lines": [], "excluded_lines": [], "start_line": 43}, "MockAnalyticsHandler.setup": {"executed_lines": [49, 50], "summary": {"covered_lines": 2, "num_statements": 2, "percent_covered": 100.0, "percent_covered_display": "100", "missing_lines": 0, "excluded_lines": 0, "percent_statements_covered": 100.0, "percent_statements_covered_display": "100"}, "missing_lines": [], "excluded_lines": [], "start_line": 48}, "MockAnalyticsHandler.finish": {"executed_lines": [53], "summary": {"covered_lines": 1, "num_statements": 1, "percent_covered": 100.0, "percent_covered_display": "100", "missing_lines": 0, "excluded_lines": 0, "percent_statements_covered": 100.0, "percent_statements_covered_display": "100"}, "missing_lines": [], "excluded_lines": [], "start_line": 52}, "TestAnalyticsEndpoint.setUp": {"executed_lines": [63, 64], "summary": {"covered_lines": 2, "num_statements": 2, "percent_covered": 100.0, "percent_covered_display": "100", "missing_lines": 0, "excluded_lines": 0, "percent_statements_covered": 100.0, "percent_statements_covered_display": "100"}, "missing_lines": [], "excluded_lines": [], "start_line": 62}, "TestAnalyticsEndpoint._run_request": {"executed_lines": [68, 69, 70, 71, 72, 74, 75, 76, 78, 79, 81, 85], "summary": {"covered_lines": 12, "num_statements": 12, "percent_covered": 100.0, "percent_covered_display": "100", "missing_lines": 0, "excluded_lines": 0, "percent_statements_covered": 100.0, "percent_statements_covered_display": "100"}, "missing_lines": [], "excluded_lines": [], "start_line": 66}, "TestAnalyticsEndpoint._parse_response": {"executed_lines": [89, 90, 91], "summary": {"covered_lines": 3, "num_statements": 5, "percent_covered": 60.0, "percent_covered_display": "60", "missing_lines": 2, "excluded_lines": 0, "percent_statements_covered": 60.0, "percent_statements_covered_display": "60"}, "missing_lines": [92, 93], "excluded_lines": [], "start_line": 87}, "TestAnalyticsEndpoint.test_get_health_check": {"executed_lines": [97, 99, 100, 101, 102, 103], "summary": {"covered_lines": 6, "num_statements": 6, "percent_covered": 100.0, "percent_covered_display": "100", "missing_lines": 0, "excluded_lines": 0, "percent_statements_covered": 100.0, "percent_statements_covered_display": "100"}, "missing_lines": [], "excluded_lines": [], "start_line": 95}, "TestAnalyticsEndpoint.test_options_cors": {"executed_lines": [107, 109, 110, 111], "summary": {"covered_lines": 4, "num_statements": 4, "percent_covered": 100.0, "percent_covered_display": "100", "missing_lines": 0, "excluded_lines": 0, "percent_statements_covered": 100.0, "percent_statements_covered_display": "100"}, "missing_lines": [], "excluded_lines": [], "start_line": 105}, "TestAnalyticsEndpoint.test_spending_velocity_only": {"executed_lines": [115, 123, 124, 126, 127, 128, 129, 130, 131, 134, 135, 136, 137], "summary": {"covered_lines": 13, "num_statements": 13, "percent_covered": 100.0, "percent_covered_display": "100", "missing_lines": 0, "excluded_lines": 0, "percent_statements_covered": 100.0, "percent_statements_covered_display": "100"}, "missing_lines": [], "excluded_lines": [], "start_line": 113}, "TestAnalyticsEndpoint.test_bill_predictions_only": {"executed_lines": [141, 142, 143, 144, 145, 147, 148, 149, 151, 152, 153, 154, 155, 156, 159, 160, 161], "summary": {"covered_lines": 17, "num_statements": 17, "percent_covered": 100.0, "percent_covered_display": "100", "missing_lines": 0, "excluded_lines": 0, "percent_statements_covered": 100.0, "percent_statements_covered_display": "100"}, "missing_lines": [], "excluded_lines": [], "start_line": 139}, "TestAnalyticsEndpoint.test_budget_health_only": {"executed_lines": [165, 173, 174, 176, 177, 178, 179, 180, 181, 184, 185, 186, 187], "summary": {"covered_lines": 13, "num_statements": 13, "percent_covered": 100.0, "percent_covered_display": "100", "missing_lines": 0, "excluded_lines": 0, "percent_statements_covered": 100.0, "percent_statements_covered_display": "100"}, "missing_lines": [], "excluded_lines": [], "start_line": 163}, "TestAnalyticsEndpoint.test_all_analytics_combined": {"executed_lines": [191, 192, 193, 194, 195, 197, 212, 213, 215, 216, 217, 218, 219, 220], "summary": {"covered_lines": 14, "num_statements": 14, "percent_covered": 100.0, "percent_covered_display": "100", "missing_lines": 0, "excluded_lines": 0, "percent_statements_covered": 100.0, "percent_statements_covered_display": "100"}, "missing_lines": [], "excluded_lines": [], "start_line": 189}, "TestAnalyticsEndpoint.test_empty_request": {"executed_lines": [224, 225, 226, 228, 229, 230, 231, 232, 233], "summary": {"covered_lines": 9, "num_statements": 9, "percent_covered": 100.0, "percent_covered_display": "100", "missing_lines": 0, "excluded_lines": 0, "percent_statements_covered": 100.0, "percent_statements_covered_display": "100"}, "missing_lines": [], "excluded_lines": [], "start_line": 222}, "TestAnalyticsEndpoint.test_invalid_json": {"executed_lines": [237, 238, 240, 241, 242, 243, 244], "summary": {"covered_lines": 7, "num_statements": 7, "percent_covered": 100.0, "percent_covered_display": "100", "missing_lines": 0, "excluded_lines": 0, "percent_statements_covered": 100.0, "percent_statements_covered_display": "100"}, "missing_lines": [], "excluded_lines": [], "start_line": 235}, "TestAnalyticsEndpoint.test_invalid_data_structure": {"executed_lines": [248, 256, 257, 259, 260, 261, 262], "summary": {"covered_lines": 7, "num_statements": 7, "percent_covered": 100.0, "percent_covered_display": "100", "missing_lines": 0, "excluded_lines": 0, "percent_statements_covered": 100.0, "percent_statements_covered_display": "100"}, "missing_lines": [], "excluded_lines": [], "start_line": 246}, "TestAnalyticsEndpoint.test_negative_days_elapsed": {"executed_lines": [266, 274, 275, 277, 278, 279], "summary": {"covered_lines": 6, "num_statements": 6, "percent_covered": 100.0, "percent_covered_display": "100", "missing_lines": 0, "excluded_lines": 0, "percent_statements_covered": 100.0, "percent_statements_covered_display": "100"}, "missing_lines": [], "excluded_lines": [], "start_line": 264}, "TestAnalyticsEndpoint.test_response_headers": {"executed_lines": [283, 284, 285, 288, 289], "summary": {"covered_lines": 5, "num_statements": 5, "percent_covered": 100.0, "percent_covered_display": "100", "missing_lines": 0, "excluded_lines": 0, "percent_statements_covered": 100.0, "percent_statements_covered_display": "100"}, "missing_lines": [], "excluded_lines": [], "start_line": 281}, "": {"executed_lines": [5, 6, 7, 8, 9, 10, 11, 12, 13, 16, 19, 21, 24, 25, 26, 27, 29, 37, 40, 43, 48, 52, 56, 59, 62, 66, 87, 95, 105, 113, 139, 163, 189, 222, 235, 246, 264, 281, 292], "summary": {"covered_lines": 39, "num_statements": 41, "percent_covered": 95.1219512195122, "percent_covered_display": "95", "missing_lines": 2, "excluded_lines": 2, "percent_statements_covered": 95.1219512195122, "percent_statements_covered_display": "95"}, "missing_lines": [31, 293], "excluded_lines": [34, 35], "start_line": 1}}, "classes": {"MockAnalyticsHandler": {"executed_lines": [44, 45, 46, 49, 50, 53], "summary": {"covered_lines": 6, "num_statements": 6, "percent_covered": 100.0, "percent_covered_display": "100", "missing_lines": 0, "excluded_lines": 0, "percent_statements_covered": 100.0, "percent_statements_covered_display": "100"}, "missing_lines": [], "excluded_lines": [], "start_line": 40}, "TestAnalyticsEndpoint": {"executed_lines": [63, 64, 68, 69, 70, 71, 72, 74, 75, 76, 78, 79, 81, 85, 89, 90, 91, 97, 99, 100, 101, 102, 103, 107, 109, 110, 111, 115, 123, 124, 126, 127, 128, 129, 130, 131, 134, 135, 136, 137, 141, 142, 143, 144, 145, 147, 148, 149, 151, 152, 153, 154, 155, 156, 159, 160, 161, 165, 173, 174, 176, 177, 178, 179, 180, 181, 184, 185, 186, 187, 191, 192, 193, 194, 195, 197, 212, 213, 215, 216, 217, 218, 219, 220, 224, 225, 226, 228, 229, 230, 231, 232, 233, 237, 238, 240, 241, 242, 243, 244, 248, 256, 257, 259, 260, 261, 262, 266, 274, 275, 277, 278, 279, 283, 284, 285, 288, 289], "summary": {"covered_lines": 118, "num_statements": 120, "percent_covered": 98.33333333333333, "percent_covered_display": "98", "missing_lines": 2, "excluded_lines": 0, "percent_statements_covered": 98.33333333333333, "percent_statements_covered_display": "98"}, "missing_lines": [92, 93], "excluded_lines": [], "start_line": 59}, "": {"executed_lines": [5, 6, 7, 8, 9, 10, 11, 12, 13, 16, 19, 21, 24, 25, 26, 27, 29, 37, 40, 43, 48, 52, 56, 59, 62, 66, 87, 95, 105, 113, 139, 163, 189, 222, 235, 246, 264, 281, 292], "summary": {"covered_lines": 39, "num_statements": 41, "percent_covered": 95.1219512195122, "percent_covered_display": "95", "missing_lines": 2, "excluded_lines": 2, "percent_statements_covered": 95.1219512195122, "percent_statements_covered_display": "95"}, "missing_lines": [31, 293], "excluded_lines": [34, 35], "start_line": 1}}}, "api/test_api.py": {"executed_lines": [7, 8, 9, 12, 15, 17, 91, 93, 95, 96, 98, 101, 104, 106, 107, 109, 110, 111, 112, 113, 114, 115, 116, 118, 119, 120, 121, 124, 128, 131, 143], "summary": {"covered_lines": 31, "num_statements": 50, "percent_covered": 62.0, "percent_covered_display": "62", "missing_lines": 19, "excluded_lines": 0, "percent_statements_covered": 62.0, "percent_statements_covered_display": "62"}, "missing_lines": [125, 126, 133, 134, 136, 137, 138, 139, 140, 144, 145, 146, 147, 148, 149, 150, 151, 153, 154], "excluded_lines": [], "functions": {"generate_test_payload": {"executed_lines": [15, 17], "summary": {"covered_lines": 2, "num_statements": 2, "percent_covered": 100.0, "percent_covered_display": "100", "missing_lines": 0, "excluded_lines": 0, "percent_statements_covered": 100.0, "percent_statements_covered_display": "100"}, "missing_lines": [], "excluded_lines": [], "start_line": 12}, "test_api_locally": {"executed_lines": [93, 95, 96, 98, 101, 104, 106, 107, 109, 110, 111, 112, 113, 114, 115, 116, 118, 119, 120, 121, 124, 128], "summary": {"covered_lines": 22, "num_statements": 24, "percent_covered": 91.66666666666667, "percent_covered_display": "92", "missing_lines": 2, "excluded_lines": 0, "percent_statements_covered": 91.66666666666667, "percent_statements_covered_display": "92"}, "missing_lines": [125, 126], "excluded_lines": [], "start_line": 91}, "generate_curl_command": {"executed_lines": [], "summary": {"covered_lines": 0, "num_statements": 7, "percent_covered": 0.0, "percent_covered_display": "0", "missing_lines": 7, "excluded_lines": 0, "percent_statements_covered": 0.0, "percent_statements_covered_display": "0"}, "missing_lines": [133, 134, 136, 137, 138, 139, 140], "excluded_lines": [], "start_line": 131}, "": {"executed_lines": [7, 8, 9, 12, 91, 131, 143], "summary": {"covered_lines": 7, "num_statements": 17, "percent_covered": 41.1764705882353, "percent_covered_display": "41", "missing_lines": 10, "excluded_lines": 0, "percent_statements_covered": 41.1764705882353, "percent_statements_covered_display": "41"}, "missing_lines": [144, 145, 146, 147, 148, 149, 150, 151, 153, 154], "excluded_lines": [], "start_line": 1}}, "classes": {"": {"executed_lines": [7, 8, 9, 12, 15, 17, 91, 93, 95, 96, 98, 101, 104, 106, 107, 109, 110, 111, 112, 113, 114, 115, 116, 118, 119, 120, 121, 124, 128, 131, 143], "summary": {"covered_lines": 31, "num_statements": 50, "percent_covered": 62.0, "percent_covered_display": "62", "missing_lines": 19, "excluded_lines": 0, "percent_statements_covered": 62.0, "percent_statements_covered_display": "62"}, "missing_lines": [125, 126, 133, 134, 136, 137, 138, 139, 140, 144, 145, 146, 147, 148, 149, 150, 151, 153, 154], "excluded_lines": [], "start_line": 1}}}, "api/test_audit.py": {"executed_lines": [7, 8, 9, 12, 14, 15, 18, 26, 27, 28, 31, 32, 37, 41, 46, 47, 50, 51, 52, 53, 54, 55, 61, 62, 65, 66, 67, 68, 69, 70, 72, 73, 74, 75, 78, 79, 80, 81, 82, 83, 84, 86, 89, 90, 91, 92, 93, 94, 95, 96, 97, 100, 102, 105, 107, 108, 111, 113, 121, 124], "summary": {"covered_lines": 60, "num_statements": 74, "percent_covered": 81.08108108108108, "percent_covered_display": "81", "missing_lines": 14, "excluded_lines": 0, "percent_statements_covered": 81.08108108108108, "percent_statements_covered_display": "81"}, "missing_lines": [38, 43, 44, 56, 57, 58, 98, 126, 127, 128, 129, 130, 131, 132], "excluded_lines": [], "functions": {"run_audit_check": {"executed_lines": [26, 27, 28, 31, 32, 37, 41, 46, 47, 50, 51, 52, 53, 54, 55, 61, 62, 65, 66, 67, 68, 69, 70, 72, 73, 74, 75, 78, 79, 80, 81, 82, 83, 84, 86, 89, 90, 91, 92, 93, 94, 95, 96, 97, 100, 102], "summary": {"covered_lines": 46, "num_statements": 53, "percent_covered": 86.79245283018868, "percent_covered_display": "87", "missing_lines": 7, "excluded_lines": 0, "percent_statements_covered": 86.79245283018868, "percent_statements_covered_display": "87"}, "missing_lines": [38, 43, 44, 56, 57, 58, 98], "excluded_lines": [], "start_line": 18}, "test_valid_snapshot": {"executed_lines": [107, 108], "summary": {"covered_lines": 2, "num_statements": 2, "percent_covered": 100.0, "percent_covered_display": "100", "missing_lines": 0, "excluded_lines": 0, "percent_statements_covered": 100.0, "percent_statements_covered_display": "100"}, "missing_lines": [], "excluded_lines": [], "start_line": 105}, "test_violations_snapshot": {"executed_lines": [113, 121], "summary": {"covered_lines": 2, "num_statements": 2, "percent_covered": 100.0, "percent_covered_display": "100", "missing_lines": 0, "excluded_lines": 0, "percent_statements_covered": 100.0, "percent_statements_covered_display": "100"}, "missing_lines": [], "excluded_lines": [], "start_line": 111}, "": {"executed_lines": [7, 8, 9, 12, 14, 15, 18, 105, 111, 124], "summary": {"covered_lines": 10, "num_statements": 17, "percent_covered": 58.8235294117647, "percent_covered_display": "59", "missing_lines": 7, "excluded_lines": 0, "percent_statements_covered": 58.8235294117647, "percent_statements_covered_display": "59"}, "missing_lines": [126, 127, 128, 129, 130, 131, 132], "excluded_lines": [], "start_line": 1}}, "classes": {"": {"executed_lines": [7, 8, 9, 12, 14, 15, 18, 26, 27, 28, 31, 32, 37, 41, 46, 47, 50, 51, 52, 53, 54, 55, 61, 62, 65, 66, 67, 68, 69, 70, 72, 73, 74, 75, 78, 79, 80, 81, 82, 83, 84, 86, 89, 90, 91, 92, 93, 94, 95, 96, 97, 100, 102, 105, 107, 108, 111, 113, 121, 124], "summary": {"covered_lines": 60, "num_statements": 74, "percent_covered": 81.08108108108108, "percent_covered_display": "81", "missing_lines": 14, "excluded_lines": 0, "percent_statements_covered": 81.08108108108108, "percent_statements_covered_display": "81"}, "missing_lines": [38, 43, 44, 56, 57, 58, 98, 126, 127, 128, 129, 130, 131, 132], "excluded_lines": [], "start_line": 1}}}, "api/test_main.py": {"executed_lines": [1, 3, 4, 6, 9, 10, 11, 14, 15, 19, 20, 21, 27, 28, 34, 36, 37, 38, 39, 40, 43, 44, 45, 46, 49, 50, 51, 52, 53], "summary": {"covered_lines": 29, "num_statements": 29, "percent_covered": 100.0, "percent_covered_display": "100", "missing_lines": 0, "excluded_lines": 0, "percent_statements_covered": 100.0, "percent_statements_covered_display": "100"}, "missing_lines": [], "excluded_lines": [], "functions": {"client": {"executed_lines": [11], "summary": {"covered_lines": 1, "num_statements": 1, "percent_covered": 100.0, "percent_covered_display": "100", "missing_lines": 0, "excluded_lines": 0, "percent_statements_covered": 100.0, "percent_statements_covered_display": "100"}, "missing_lines": [], "excluded_lines": [], "start_line": 10}, "test_scrub_pii": {"executed_lines": [15, 19, 20, 21], "summary": {"covered_lines": 4, "num_statements": 4, "percent_covered": 100.0, "percent_covered_display": "100", "missing_lines": 0, "excluded_lines": 0, "percent_statements_covered": 100.0, "percent_statements_covered_display": "100"}, "missing_lines": [], "excluded_lines": [], "start_line": 14}, "test_before_send_redaction": {"executed_lines": [28, 34, 36, 37, 38, 39, 40], "summary": {"covered_lines": 7, "num_statements": 7, "percent_covered": 100.0, "percent_covered_display": "100", "missing_lines": 0, "excluded_lines": 0, "percent_statements_covered": 100.0, "percent_statements_covered_display": "100"}, "missing_lines": [], "excluded_lines": [], "start_line": 27}, "test_health_check": {"executed_lines": [44, 45, 46], "summary": {"covered_lines": 3, "num_statements": 3, "percent_covered": 100.0, "percent_covered_display": "100", "missing_lines": 0, "excluded_lines": 0, "percent_statements_covered": 100.0, "percent_statements_covered_display": "100"}, "missing_lines": [], "excluded_lines": [], "start_line": 43}, "test_warm_up": {"executed_lines": [50, 51, 52, 53], "summary": {"covered_lines": 4, "num_statements": 4, "percent_covered": 100.0, "percent_covered_display": "100", "missing_lines": 0, "excluded_lines": 0, "percent_statements_covered": 100.0, "percent_statements_covered_display": "100"}, "missing_lines": [], "excluded_lines": [], "start_line": 49}, "": {"executed_lines": [1, 3, 4, 6, 9, 10, 14, 27, 43, 49], "summary": {"covered_lines": 10, "num_statements": 10, "percent_covered": 100.0, "percent_covered_display": "100", "missing_lines": 0, "excluded_lines": 0, "percent_statements_covered": 100.0, "percent_statements_covered_display": "100"}, "missing_lines": [], "excluded_lines": [], "start_line": 1}}, "classes": {"": {"executed_lines": [1, 3, 4, 6, 9, 10, 11, 14, 15, 19, 20, 21, 27, 28, 34, 36, 37, 38, 39, 40, 43, 44, 45, 46, 49, 50, 51, 52, 53], "summary": {"covered_lines": 29, "num_statements": 29, "percent_covered": 100.0, "percent_covered_display": "100", "missing_lines": 0, "excluded_lines": 0, "percent_statements_covered": 100.0, "percent_statements_covered_display": "100"}, "missing_lines": [], "excluded_lines": [], "start_line": 1}}}}, "totals": {"covered_lines": 3090, "num_statements": 3465, "percent_covered": 89.17748917748918, "percent_covered_display": "89", "missing_lines": 375, "excluded_lines": 2, "percent_statements_covered": 89.17748917748918, "percent_statements_covered_display": "89"}}