
[1m[46m RUN [49m[22m [36mv4.0.17 [39m[90m/Users/f4tdaddy/Git/violet-vault[39m

[90mstdout[2m | src/components/auth/components/__tests__/ShareCodeDisplay.test.tsx[2m > [22m[2mShareCodeDisplay[2m > [22m[2mRendering[2m > [22m[2mshould render the component with all required elements
[22m[39mğŸ” [DEV-SITE] [AUTH] AuthContext: Initializing auth state from localStorage { category: [32m'auth'[39m }
ğŸ” [DEV-SITE] [AUTH] AuthContext: No saved data - new user state { category: [32m'auth'[39m }

[90mstdout[2m | src/components/auth/components/__tests__/ShareCodeDisplay.test.tsx[2m > [22m[2mShareCodeDisplay[2m > [22m[2mRendering[2m > [22m[2mshould display the share code with capitalized first letters
[22m[39mğŸ” [DEV-SITE] [AUTH] AuthContext: Initializing auth state from localStorage { category: [32m'auth'[39m }
ğŸ” [DEV-SITE] [AUTH] AuthContext: No saved data - new user state { category: [32m'auth'[39m }

[90mstdout[2m | src/components/auth/components/__tests__/ShareCodeDisplay.test.tsx[2m > [22m[2mShareCodeDisplay[2m > [22m[2mRendering[2m > [22m[2mshould render Copy Code button
[22m[39mğŸ” [DEV-SITE] [AUTH] AuthContext: Initializing auth state from localStorage { category: [32m'auth'[39m }
ğŸ” [DEV-SITE] [AUTH] AuthContext: No saved data - new user state { category: [32m'auth'[39m }

[90mstdout[2m | src/components/auth/components/__tests__/ShareCodeDisplay.test.tsx[2m > [22m[2mShareCodeDisplay[2m > [22m[2mRendering[2m > [22m[2mshould render Save to File button
[22m[39mğŸ” [DEV-SITE] [AUTH] AuthContext: Initializing auth state from localStorage { category: [32m'auth'[39m }
ğŸ” [DEV-SITE] [AUTH] AuthContext: No saved data - new user state { category: [32m'auth'[39m }

[90mstdout[2m | src/components/auth/components/__tests__/ShareCodeDisplay.test.tsx[2m > [22m[2mShareCodeDisplay[2m > [22m[2mRendering[2m > [22m[2mshould render Back button
[22m[39mğŸ” [DEV-SITE] [AUTH] AuthContext: Initializing auth state from localStorage { category: [32m'auth'[39m }
ğŸ” [DEV-SITE] [AUTH] AuthContext: No saved data - new user state { category: [32m'auth'[39m }

[90mstdout[2m | src/components/auth/components/__tests__/ShareCodeDisplay.test.tsx[2m > [22m[2mShareCodeDisplay[2m > [22m[2mRendering[2m > [22m[2mshould render Create My Budget button when not loading
[22m[39mğŸ” [DEV-SITE] [AUTH] AuthContext: Initializing auth state from localStorage { category: [32m'auth'[39m }
ğŸ” [DEV-SITE] [AUTH] AuthContext: No saved data - new user state { category: [32m'auth'[39m }

[90mstdout[2m | src/components/auth/components/__tests__/ShareCodeDisplay.test.tsx[2m > [22m[2mShareCodeDisplay[2m > [22m[2mRendering[2m > [22m[2mshould render Creating... text when loading
[22m[39mğŸ” [DEV-SITE] [AUTH] AuthContext: Initializing auth state from localStorage { category: [32m'auth'[39m }
ğŸ” [DEV-SITE] [AUTH] AuthContext: No saved data - new user state { category: [32m'auth'[39m }

[90mstdout[2m | src/components/auth/components/__tests__/ShareCodeDisplay.test.tsx[2m > [22m[2mShareCodeDisplay[2m > [22m[2mRendering[2m > [22m[2mshould render all icons correctly
[22m[39mğŸ” [DEV-SITE] [AUTH] AuthContext: Initializing auth state from localStorage { category: [32m'auth'[39m }
ğŸ” [DEV-SITE] [AUTH] AuthContext: No saved data - new user state { category: [32m'auth'[39m }

[90mstdout[2m | src/components/auth/components/__tests__/ShareCodeDisplay.test.tsx[2m > [22m[2mShareCodeDisplay[2m > [22m[2mRendering[2m > [22m[2mshould render loading spinner icon when loading
[22m[39mğŸ” [DEV-SITE] [AUTH] AuthContext: Initializing auth state from localStorage { category: [32m'auth'[39m }
ğŸ” [DEV-SITE] [AUTH] AuthContext: No saved data - new user state { category: [32m'auth'[39m }

[90mstdout[2m | src/components/auth/components/__tests__/ShareCodeDisplay.test.tsx[2m > [22m[2mShareCodeDisplay[2m > [22m[2mCopy Functionality[2m > [22m[2mshould copy share code to clipboard when Copy button is clicked
[22m[39mğŸ” [DEV-SITE] [AUTH] AuthContext: Initializing auth state from localStorage { category: [32m'auth'[39m }
ğŸ” [DEV-SITE] [AUTH] AuthContext: No saved data - new user state { category: [32m'auth'[39m }

[90mstderr[2m | src/components/auth/components/__tests__/ShareCodeDisplay.test.tsx[2m > [22m[2mShareCodeDisplay[2m > [22m[2mCopy Functionality[2m > [22m[2mshould copy share code to clipboard when Copy button is clicked
[22m[39mAn update to ShareCodeDisplay inside a test was not wrapped in act(...).

When testing, code that causes React state updates should be wrapped into act(...):

act(() => {
  /* fire events that update state */
});
/* assert on the output */

This ensures that you're testing the behavior the user would see in the browser. Learn more at https://react.dev/link/wrap-tests-with-act

[90mstdout[2m | src/components/auth/components/__tests__/ShareCodeDisplay.test.tsx[2m > [22m[2mShareCodeDisplay[2m > [22m[2mCopy Functionality[2m > [22m[2mshould show Copied! text temporarily after successful copy
[22m[39mğŸ” [DEV-SITE] [AUTH] AuthContext: Initializing auth state from localStorage { category: [32m'auth'[39m }
ğŸ” [DEV-SITE] [AUTH] AuthContext: No saved data - new user state { category: [32m'auth'[39m }

[90mstdout[2m | src/components/auth/components/__tests__/ShareCodeDisplay.test.tsx[2m > [22m[2mShareCodeDisplay[2m > [22m[2mCopy Functionality[2m > [22m[2mshould handle clipboard copy failure gracefully
[22m[39mğŸ” [DEV-SITE] [AUTH] AuthContext: Initializing auth state from localStorage { category: [32m'auth'[39m }
ğŸ” [DEV-SITE] [AUTH] AuthContext: No saved data - new user state { category: [32m'auth'[39m }

[90mstdout[2m | src/components/auth/components/__tests__/ShareCodeDisplay.test.tsx[2m > [22m[2mShareCodeDisplay[2m > [22m[2mDownload Functionality[2m > [22m[2mshould create a blob with correct content and trigger download
[22m[39mğŸ” [DEV-SITE] [AUTH] AuthContext: Initializing auth state from localStorage { category: [32m'auth'[39m }
ğŸ” [DEV-SITE] [AUTH] AuthContext: No saved data - new user state { category: [32m'auth'[39m }

[90mstderr[2m | src/components/auth/components/__tests__/ShareCodeDisplay.test.tsx[2m > [22m[2mShareCodeDisplay[2m > [22m[2mDownload Functionality[2m > [22m[2mshould create a blob with correct content and trigger download
[22m[39m[vitest] The vi.fn() mock did not use 'function' or 'class' in its implementation, see https://vitest.dev/api/vi#vi-spyon for examples.

[90mstdout[2m | src/components/auth/components/__tests__/ShareCodeDisplay.test.tsx[2m > [22m[2mShareCodeDisplay[2m > [22m[2mDownload Functionality[2m > [22m[2mshould include warning and instructions in downloaded file
[22m[39mğŸ” [DEV-SITE] [AUTH] AuthContext: Initializing auth state from localStorage { category: [32m'auth'[39m }
ğŸ” [DEV-SITE] [AUTH] AuthContext: No saved data - new user state { category: [32m'auth'[39m }

[90mstderr[2m | src/components/auth/components/__tests__/ShareCodeDisplay.test.tsx[2m > [22m[2mShareCodeDisplay[2m > [22m[2mDownload Functionality[2m > [22m[2mshould include warning and instructions in downloaded file
[22m[39m[vitest] The vi.fn() mock did not use 'function' or 'class' in its implementation, see https://vitest.dev/api/vi#vi-spyon for examples.

[90mstdout[2m | src/components/auth/components/__tests__/ShareCodeDisplay.test.tsx[2m > [22m[2mShareCodeDisplay[2m > [22m[2mButton Interactions[2m > [22m[2mshould call onBack when Back button is clicked
[22m[39mğŸ” [DEV-SITE] [AUTH] AuthContext: Initializing auth state from localStorage { category: [32m'auth'[39m }
ğŸ” [DEV-SITE] [AUTH] AuthContext: No saved data - new user state { category: [32m'auth'[39m }

[90mstdout[2m | src/components/auth/components/__tests__/ShareCodeDisplay.test.tsx[2m > [22m[2mShareCodeDisplay[2m > [22m[2mButton Interactions[2m > [22m[2mshould call onCreateBudget when Create My Budget button is clicked
[22m[39mğŸ” [DEV-SITE] [AUTH] AuthContext: Initializing auth state from localStorage { category: [32m'auth'[39m }
ğŸ” [DEV-SITE] [AUTH] AuthContext: No saved data - new user state { category: [32m'auth'[39m }

[90mstdout[2m | src/components/auth/components/__tests__/ShareCodeDisplay.test.tsx[2m > [22m[2mShareCodeDisplay[2m > [22m[2mButton Interactions[2m > [22m[2mshould disable Back button when loading
[22m[39mğŸ” [DEV-SITE] [AUTH] AuthContext: Initializing auth state from localStorage { category: [32m'auth'[39m }
ğŸ” [DEV-SITE] [AUTH] AuthContext: No saved data - new user state { category: [32m'auth'[39m }

[90mstdout[2m | src/components/auth/components/__tests__/ShareCodeDisplay.test.tsx[2m > [22m[2mShareCodeDisplay[2m > [22m[2mButton Interactions[2m > [22m[2mshould disable Create My Budget button when loading
[22m[39mğŸ” [DEV-SITE] [AUTH] AuthContext: Initializing auth state from localStorage { category: [32m'auth'[39m }
ğŸ” [DEV-SITE] [AUTH] AuthContext: No saved data - new user state { category: [32m'auth'[39m }

[90mstdout[2m | src/components/auth/components/__tests__/ShareCodeDisplay.test.tsx[2m > [22m[2mShareCodeDisplay[2m > [22m[2mShare Code Formatting[2m > [22m[2mshould capitalize first letter of each word in share code
[22m[39mğŸ” [DEV-SITE] [AUTH] AuthContext: Initializing auth state from localStorage { category: [32m'auth'[39m }
ğŸ” [DEV-SITE] [AUTH] AuthContext: No saved data - new user state { category: [32m'auth'[39m }

[90mstdout[2m | src/components/auth/components/__tests__/ShareCodeDisplay.test.tsx[2m > [22m[2mShareCodeDisplay[2m > [22m[2mShare Code Formatting[2m > [22m[2mshould handle mixed case share codes
[22m[39mğŸ” [DEV-SITE] [AUTH] AuthContext: Initializing auth state from localStorage { category: [32m'auth'[39m }
ğŸ” [DEV-SITE] [AUTH] AuthContext: No saved data - new user state { category: [32m'auth'[39m }

[90mstdout[2m | src/components/auth/components/__tests__/ShareCodeDisplay.test.tsx[2m > [22m[2mShareCodeDisplay[2m > [22m[2mShare Code Formatting[2m > [22m[2mshould handle empty share code gracefully
[22m[39mğŸ” [DEV-SITE] [AUTH] AuthContext: Initializing auth state from localStorage { category: [32m'auth'[39m }
ğŸ” [DEV-SITE] [AUTH] AuthContext: No saved data - new user state { category: [32m'auth'[39m }

[90mstdout[2m | src/components/auth/components/__tests__/ShareCodeDisplay.test.tsx[2m > [22m[2mShareCodeDisplay[2m > [22m[2mAccessibility[2m > [22m[2mshould have proper button types
[22m[39mğŸ” [DEV-SITE] [AUTH] AuthContext: Initializing auth state from localStorage { category: [32m'auth'[39m }
ğŸ” [DEV-SITE] [AUTH] AuthContext: No saved data - new user state { category: [32m'auth'[39m }

[90mstdout[2m | src/components/auth/components/__tests__/ShareCodeDisplay.test.tsx[2m > [22m[2mShareCodeDisplay[2m > [22m[2mAccessibility[2m > [22m[2mshould have disabled state on buttons when loading
[22m[39mğŸ” [DEV-SITE] [AUTH] AuthContext: Initializing auth state from localStorage { category: [32m'auth'[39m }
ğŸ” [DEV-SITE] [AUTH] AuthContext: No saved data - new user state { category: [32m'auth'[39m }

[90mstdout[2m | src/components/auth/components/__tests__/ShareCodeDisplay.test.tsx[2m > [22m[2mShareCodeDisplay[2m > [22m[2mInstructions Section[2m > [22m[2mshould render all instruction items
[22m[39mğŸ” [DEV-SITE] [AUTH] AuthContext: Initializing auth state from localStorage { category: [32m'auth'[39m }
ğŸ” [DEV-SITE] [AUTH] AuthContext: No saved data - new user state { category: [32m'auth'[39m }

[90mstdout[2m | src/components/auth/components/__tests__/ShareCodeDisplay.test.tsx[2m > [22m[2mShareCodeDisplay[2m > [22m[2mWarning Section[2m > [22m[2mshould render warning header with proper styling context
[22m[39mğŸ” [DEV-SITE] [AUTH] AuthContext: Initializing auth state from localStorage { category: [32m'auth'[39m }
ğŸ” [DEV-SITE] [AUTH] AuthContext: No saved data - new user state { category: [32m'auth'[39m }

 [31mâ¯[39m src/components/auth/components/__tests__/ShareCodeDisplay.test.tsx [2m([22m[2m25 tests[22m[2m | [22m[31m2 failed[39m[2m)[22m[32m 291[2mms[22m[39m
       [32mâœ“[39m should render the component with all required elements[32m 32[2mms[22m[39m
       [32mâœ“[39m should display the share code with capitalized first letters[32m 6[2mms[22m[39m
       [32mâœ“[39m should render Copy Code button[32m 6[2mms[22m[39m
       [32mâœ“[39m should render Save to File button[32m 5[2mms[22m[39m
       [32mâœ“[39m should render Back button[32m 6[2mms[22m[39m
       [32mâœ“[39m should render Create My Budget button when not loading[32m 4[2mms[22m[39m
       [32mâœ“[39m should render Creating... text when loading[32m 5[2mms[22m[39m
       [32mâœ“[39m should render all icons correctly[32m 7[2mms[22m[39m
       [32mâœ“[39m should render loading spinner icon when loading[32m 6[2mms[22m[39m
       [32mâœ“[39m should copy share code to clipboard when Copy button is clicked[32m 17[2mms[22m[39m
       [32mâœ“[39m should show Copied! text temporarily after successful copy[32m 21[2mms[22m[39m
       [32mâœ“[39m should handle clipboard copy failure gracefully[32m 17[2mms[22m[39m
[31m       [31mÃ—[31m should create a blob with correct content and trigger download[39m[32m 93[2mms[22m[39m
[31m       [31mÃ—[31m should include warning and instructions in downloaded file[39m[32m 6[2mms[22m[39m
       [32mâœ“[39m should call onBack when Back button is clicked[32m 6[2mms[22m[39m
       [32mâœ“[39m should call onCreateBudget when Create My Budget button is clicked[32m 6[2mms[22m[39m
       [32mâœ“[39m should disable Back button when loading[32m 6[2mms[22m[39m
       [32mâœ“[39m should disable Create My Budget button when loading[32m 4[2mms[22m[39m
       [32mâœ“[39m should capitalize first letter of each word in share code[32m 5[2mms[22m[39m
       [32mâœ“[39m should handle mixed case share codes[32m 9[2mms[22m[39m
       [32mâœ“[39m should handle empty share code gracefully[32m 3[2mms[22m[39m
       [32mâœ“[39m should have proper button types[32m 4[2mms[22m[39m
       [32mâœ“[39m should have disabled state on buttons when loading[32m 3[2mms[22m[39m
       [32mâœ“[39m should render all instruction items[32m 5[2mms[22m[39m
       [32mâœ“[39m should render warning header with proper styling context[32m 6[2mms[22m[39m

[31mâ¯â¯â¯â¯â¯â¯â¯[39m[1m[41m Failed Tests 2 [49m[22m[31mâ¯â¯â¯â¯â¯â¯â¯[39m

[41m[1m FAIL [22m[49m src/components/auth/components/__tests__/ShareCodeDisplay.test.tsx[2m > [22mShareCodeDisplay[2m > [22mDownload Functionality[2m > [22mshould create a blob with correct content and trigger download
[31m[1mAssertionError[22m: expected "vi.fn()" to be called at least once[39m
[36m [2mâ¯[22m src/components/auth/components/__tests__/ShareCodeDisplay.test.tsx:[2m333:42[22m[39m
    [90m331| [39m
    [90m332| [39m      [90m// Check that URL methods were called[39m
    [90m333| [39m      [34mexpect[39m(global[33m.[39m[33mURL[39m[33m.[39mcreateObjectURL)[33m.[39m[34mtoHaveBeenCalled[39m()[33m;[39m
    [90m   | [39m                                         [31m^[39m
    [90m334| [39m
    [90m335| [39m      [90m// Check that anchor tag was clicked[39m

[31m[2mâ¯â¯â¯â¯â¯â¯â¯â¯â¯â¯â¯â¯â¯â¯â¯â¯â¯â¯â¯â¯â¯â¯â¯â¯[1/2]â¯[22m[39m

[41m[1m FAIL [22m[49m src/components/auth/components/__tests__/ShareCodeDisplay.test.tsx[2m > [22mShareCodeDisplay[2m > [22mDownload Functionality[2m > [22mshould include warning and instructions in downloaded file
[31m[1mAssertionError[22m: expected '' to contain 'Violet Vault Budget Share Code'[39m

[32m- Expected[39m
[31m+ Received[39m

[32m- Violet Vault Budget Share Code[39m

[36m [2mâ¯[22m src/components/auth/components/__tests__/ShareCodeDisplay.test.tsx:[2m387:31[22m[39m
    [90m385| [39m      fireEvent[33m.[39m[34mclick[39m(downloadButton[33m![39m)[33m;[39m
    [90m386| [39m
    [90m387| [39m      expect(capturedContent).toContain("Violet Vault Budget Share Codâ€¦
    [90m   | [39m                              [31m^[39m
    [90m388| [39m      [34mexpect[39m(capturedContent)[33m.[39m[34mtoContain[39m([32m"âš ï¸  IMPORTANT"[39m)[33m;[39m
    [90m389| [39m      [34mexpect[39m(capturedContent)[33m.[39m[34mtoContain[39m(mockShareCode)[33m;[39m

[31m[2mâ¯â¯â¯â¯â¯â¯â¯â¯â¯â¯â¯â¯â¯â¯â¯â¯â¯â¯â¯â¯â¯â¯â¯â¯[2/2]â¯[22m[39m

[31mâ¯â¯â¯â¯â¯â¯[39m[1m[41m Unhandled Errors [49m[22m[31mâ¯â¯â¯â¯â¯â¯[39m
[31m[1m
Vitest caught 2 unhandled errors during the test run.
This might cause false positive tests. Resolve unhandled errors to make sure your tests are not affected.[22m[39m

[31mâ¯â¯â¯â¯â¯[39m[1m[41m Uncaught Exception [49m[22m[31mâ¯â¯â¯â¯â¯[39m
[31m[1mTypeError[22m: (content, options) => ({
        content,
        options,
        size: content[0].length,
        type: options?.type
      }) is not a constructor[39m
[90m [2mâ¯[22m new Mock node_modules/@vitest/spy/dist/index.js:[2m262:27[22m[39m
[36m [2mâ¯[22m handleDownload src/components/auth/components/ShareCodeDisplay.tsx:[2m52:18[22m[39m
    [90m 50| [39m`[39m[33m;[39m
    [90m 51| [39m
    [90m 52| [39m    [35mconst[39m blob [33m=[39m [35mnew[39m [33mBlob[39m([content][33m,[39m { type[33m:[39m [32m"text/plain"[39m })[33m;[39m
    [90m   | [39m                 [31m^[39m
    [90m 53| [39m    [35mconst[39m url [33m=[39m [33mURL[39m[33m.[39m[34mcreateObjectURL[39m(blob)[33m;[39m
    [90m 54| [39m    [35mconst[39m a [33m=[39m document[33m.[39m[34mcreateElement[39m([32m"a"[39m)[33m;[39m
[90m [2mâ¯[22m executeDispatch node_modules/react-dom/cjs/react-dom-client.development.js:[2m19116:9[22m[39m
[90m [2mâ¯[22m runWithFiberInDEV node_modules/react-dom/cjs/react-dom-client.development.js:[2m874:13[22m[39m
[90m [2mâ¯[22m processDispatchQueue node_modules/react-dom/cjs/react-dom-client.development.js:[2m19166:19[22m[39m
[90m [2mâ¯[22m node_modules/react-dom/cjs/react-dom-client.development.js:[2m19767:9[22m[39m
[90m [2mâ¯[22m batchedUpdates$1 node_modules/react-dom/cjs/react-dom-client.development.js:[2m3255:40[22m[39m
[90m [2mâ¯[22m dispatchEventForPluginEventSystem node_modules/react-dom/cjs/react-dom-client.development.js:[2m19320:7[22m[39m
[90m [2mâ¯[22m dispatchEvent node_modules/react-dom/cjs/react-dom-client.development.js:[2m23585:11[22m[39m
[90m [2mâ¯[22m dispatchDiscreteEvent node_modules/react-dom/cjs/react-dom-client.development.js:[2m23553:11[22m[39m

[31mThis error originated in "[1msrc/components/auth/components/__tests__/ShareCodeDisplay.test.tsx[22m" test file. It doesn't mean the error was thrown inside the file itself, but while it was running.[39m
[31mThe latest test that might've caused the error is "[1mshould create a blob with correct content and trigger download[22m". It might mean one of the following:
- The error was thrown, while Vitest was running this test.
- If the error occurred after the test had been completed, this was the last documented test before it was thrown.[39m

[31mâ¯â¯â¯â¯â¯[39m[1m[41m Uncaught Exception [49m[22m[31mâ¯â¯â¯â¯â¯[39m
[31m[1mTypeError[22m: (content) => {
          capturedContent = content[0];
          return { size: content[0].length };
        } is not a constructor[39m
[90m [2mâ¯[22m new Mock node_modules/@vitest/spy/dist/index.js:[2m262:27[22m[39m
[36m [2mâ¯[22m handleDownload src/components/auth/components/ShareCodeDisplay.tsx:[2m52:18[22m[39m
    [90m 50| [39m`[39m[33m;[39m
    [90m 51| [39m
    [90m 52| [39m    [35mconst[39m blob [33m=[39m [35mnew[39m [33mBlob[39m([content][33m,[39m { type[33m:[39m [32m"text/plain"[39m })[33m;[39m
    [90m   | [39m                 [31m^[39m
    [90m 53| [39m    [35mconst[39m url [33m=[39m [33mURL[39m[33m.[39m[34mcreateObjectURL[39m(blob)[33m;[39m
    [90m 54| [39m    [35mconst[39m a [33m=[39m document[33m.[39m[34mcreateElement[39m([32m"a"[39m)[33m;[39m
[90m [2mâ¯[22m executeDispatch node_modules/react-dom/cjs/react-dom-client.development.js:[2m19116:9[22m[39m
[90m [2mâ¯[22m runWithFiberInDEV node_modules/react-dom/cjs/react-dom-client.development.js:[2m874:13[22m[39m
[90m [2mâ¯[22m processDispatchQueue node_modules/react-dom/cjs/react-dom-client.development.js:[2m19166:19[22m[39m
[90m [2mâ¯[22m node_modules/react-dom/cjs/react-dom-client.development.js:[2m19767:9[22m[39m
[90m [2mâ¯[22m batchedUpdates$1 node_modules/react-dom/cjs/react-dom-client.development.js:[2m3255:40[22m[39m
[90m [2mâ¯[22m dispatchEventForPluginEventSystem node_modules/react-dom/cjs/react-dom-client.development.js:[2m19320:7[22m[39m
[90m [2mâ¯[22m dispatchEvent node_modules/react-dom/cjs/react-dom-client.development.js:[2m23585:11[22m[39m
[90m [2mâ¯[22m dispatchDiscreteEvent node_modules/react-dom/cjs/react-dom-client.development.js:[2m23553:11[22m[39m

[31mThis error originated in "[1msrc/components/auth/components/__tests__/ShareCodeDisplay.test.tsx[22m" test file. It doesn't mean the error was thrown inside the file itself, but while it was running.[39m
[31mThe latest test that might've caused the error is "[1mshould include warning and instructions in downloaded file[22m". It might mean one of the following:
- The error was thrown, while Vitest was running this test.
- If the error occurred after the test had been completed, this was the last documented test before it was thrown.[39m
[31mâ¯â¯â¯â¯â¯â¯â¯â¯â¯â¯â¯â¯â¯â¯â¯â¯â¯â¯â¯â¯â¯â¯â¯â¯â¯â¯â¯â¯â¯â¯[39m


[2m Test Files [22m [1m[31m1 failed[39m[22m[90m (1)[39m
[2m      Tests [22m [1m[31m2 failed[39m[22m[2m | [22m[1m[32m23 passed[39m[22m[90m (25)[39m
[2m     Errors [22m [1m[31m2 errors[39m[22m
[2m   Start at [22m 14:13:21
[2m   Duration [22m 2.64s[2m (transform 325ms, setup 394ms, import 327ms, tests 291ms, environment 987ms)[22m

