src/components/accounts/AccountCard.tsx(1,1): error TS6133: 'React' is declared but its value is never read.
src/components/accounts/AccountCard.tsx(8,3): error TS6133: '_daysUntilExpiration' is declared but its value is never read.
src/components/accounts/AccountFormModal.tsx(1,1): error TS6133: 'React' is declared but its value is never read.
src/components/accounts/form/AccountColorAndSettings.tsx(1,1): error TS6133: 'React' is declared but its value is never read.
src/components/accounts/form/AccountFinancialFields.tsx(1,1): error TS6133: 'React' is declared but its value is never read.
src/components/accounts/form/AccountFormActions.tsx(1,1): error TS6133: 'React' is declared but its value is never read.
src/components/accounts/form/AccountModalHeader.tsx(10,3): error TS6133: '_lock' is declared but its value is never read.
src/components/accounts/SupplementalAccounts.tsx(1,1): error TS6133: 'React' is declared but its value is never read.
src/components/accounts/SupplementalAccounts.tsx(35,5): error TS6133: '_releaseLock' is declared but its value is never read.
src/components/accounts/transfer/TransferFormFields.tsx(1,1): error TS6133: 'React' is declared but its value is never read.
src/components/analytics/AnalyticsSummaryCards.tsx(1,1): error TS6133: 'React' is declared but its value is never read.
src/components/analytics/CategoryAdvancedTab.tsx(1,1): error TS6133: 'React' is declared but its value is never read.
src/components/analytics/CategoryNavigationTabs.tsx(1,1): error TS6133: 'React' is declared but its value is never read.
src/components/analytics/CategorySettingsPanel.tsx(1,1): error TS6133: 'React' is declared but its value is never read.
src/components/analytics/ChartsAndAnalytics.tsx(1,1): error TS6133: 'React' is declared but its value is never read.
src/components/analytics/components/TabContent.tsx(1,1): error TS6133: 'React' is declared but its value is never read.
src/components/analytics/performance/MetricsGrid.tsx(1,1): error TS6133: 'React' is declared but its value is never read.
src/components/analytics/performance/OverallScore.tsx(1,1): error TS6133: 'React' is declared but its value is never read.
src/components/analytics/performance/PerformanceTabContent.tsx(1,1): error TS6133: 'React' is declared but its value is never read.
src/components/analytics/SmartCategoryManager.tsx(1,8): error TS6133: 'React' is declared but its value is never read.
src/components/analytics/SmartCategoryManager.tsx(16,3): error TS6133: '_currentCategories' is declared but its value is never read.
src/components/analytics/SmartCategoryManager.tsx(19,3): error TS6133: '_onUpdateCategory' is declared but its value is never read.
src/components/analytics/tabs/CategoriesTab.tsx(1,1): error TS6133: 'React' is declared but its value is never read.
src/components/analytics/tabs/HealthTab.tsx(1,1): error TS6133: 'React' is declared but its value is never read.
src/components/analytics/tabs/OverviewTab.tsx(1,1): error TS6133: 'React' is declared but its value is never read.
src/components/analytics/tabs/TrendsTab.tsx(1,1): error TS6133: 'React' is declared but its value is never read.
src/components/analytics/TrendAnalysisCharts.tsx(1,1): error TS6133: 'React' is declared but its value is never read.
src/components/analytics/trends/CategoryTrendsSection.tsx(1,1): error TS6133: 'React' is declared but its value is never read.
src/components/analytics/trends/SeasonalPatternsSection.tsx(1,1): error TS6133: 'React' is declared but its value is never read.
src/components/auth/__tests__/UserSetup.test.tsx(1,1): error TS6133: 'React' is declared but its value is never read.
src/components/auth/__tests__/UserSetup.test.tsx(2,1): error TS6133: 'Select' is declared but its value is never read.
src/components/auth/__tests__/UserSetup.test.tsx(3,1): error TS6133: 'Button' is declared but its value is never read.
src/components/auth/components/ColorPicker.tsx(1,1): error TS6133: 'React' is declared but its value is never read.
src/components/auth/components/ReturningUserActions.tsx(1,1): error TS6133: 'React' is declared but its value is never read.
src/components/auth/components/ShareCodeDisplay.tsx(1,8): error TS6133: 'React' is declared but its value is never read.
src/components/auth/components/StepButtons.tsx(1,1): error TS6133: 'React' is declared but its value is never read.
src/components/auth/components/UserNameInput.tsx(1,1): error TS6133: 'React' is declared but its value is never read.
src/components/auth/components/UserSetupHeader.tsx(1,1): error TS6133: 'React' is declared but its value is never read.
src/components/auth/components/UserSetupLayout.tsx(1,1): error TS6133: 'React' is declared but its value is never read.
src/components/auth/PasswordRotationModal.tsx(1,1): error TS6133: 'React' is declared but its value is never read.
src/components/auth/UserSetup.tsx(1,8): error TS6133: 'React' is declared but its value is never read.
src/components/automation/AutoFundingView.tsx(1,8): error TS6133: 'React' is declared but its value is never read.
src/components/automation/steps/RuleConfigurationStep.tsx(1,1): error TS6133: 'React' is declared but its value is never read.
src/components/bills/AddBillModal.tsx(8,8): error TS6133: 'React' is declared but its value is never read.
src/components/bills/BillSummaryCards.tsx(1,1): error TS6133: 'React' is declared but its value is never read.
src/components/bills/BillViewTabs.tsx(1,1): error TS6133: 'React' is declared but its value is never read.
src/components/budgeting/envelope/EnvelopeActivitySummary.tsx(1,1): error TS6133: 'React' is declared but its value is never read.
src/components/budgeting/envelope/EnvelopeSummary.tsx(1,1): error TS6133: 'React' is declared but its value is never read.
src/components/budgeting/EnvelopeGrid.tsx(2,8): error TS6133: 'React' is declared but its value is never read.
src/components/budgeting/EnvelopeSummaryCards.tsx(1,1): error TS6133: 'React' is declared but its value is never read.
src/components/budgeting/EnvelopeSummaryCards.tsx(9,46): error TS6133: '_unassignedCash' is declared but its value is never read.
src/components/charts/CategoryBarChart.tsx(1,1): error TS6133: 'React' is declared but its value is never read.
src/components/charts/ComposedFinancialChart.tsx(1,1): error TS6133: 'React' is declared but its value is never read.
src/components/charts/DistributionPieChart.tsx(1,1): error TS6133: 'React' is declared but its value is never read.
src/components/charts/TrendLineChart.tsx(1,1): error TS6133: 'React' is declared but its value is never read.
src/components/debt/modals/AddDebtModal.tsx(1,1): error TS6133: 'React' is declared but its value is never read.
src/components/debt/modals/DebtDetailModal.tsx(19,3): error TS6133: '_onLinkToBill' is declared but its value is never read.
src/components/debt/modals/DebtFormFields.tsx(1,1): error TS6133: 'React' is declared but its value is never read.
src/components/debt/ui/DebtCardProgressBar.tsx(1,1): error TS6133: 'React' is declared but its value is never read.
src/components/debt/ui/DebtList.tsx(26,36): error TS6133: '_onRecordPayment' is declared but its value is never read.
src/components/debt/ui/DebtProgressBar.tsx(1,1): error TS6133: 'React' is declared but its value is never read.
src/components/debt/ui/DebtSummaryCards.tsx(1,1): error TS6133: 'React' is declared but its value is never read.
src/components/debt/ui/DebtSummaryWidget.tsx(12,22): error TS6133: '_debts' is declared but its value is never read.
src/components/debt/ui/QuickPaymentForm.tsx(1,1): error TS6133: 'React' is declared but its value is never read.
src/components/dev/DevAuthBypass.tsx(1,8): error TS6133: 'React' is declared but its value is never read.
src/components/history/ObjectHistoryViewer.tsx(51,9): error TS6133: '_getChangeIcon' is declared but its value is never read.
src/components/history/ObjectHistoryViewer.tsx(83,9): error TS6133: '_formatChangeDescription' is declared but its value is never read.
src/components/layout/AppRoutes.tsx(1,1): error TS6133: 'React' is declared but its value is never read.
src/components/layout/AppWrapper.tsx(1,1): error TS6133: 'React' is declared but its value is never read.
src/components/layout/MainLayout.tsx(2,8): error TS6133: 'React' is declared but its value is never read.
src/components/layout/MainLayout.tsx(65,7): error TS6133: '_localOnlyUser' is declared but its value is never read.
src/components/layout/MainLayout.tsx(75,9): error TS6133: '_isOnboarded' is declared but its value is never read.
src/components/layout/MainLayout.tsx(207,3): error TS6133: '_openBugReport' is declared but its value is never read.
src/components/layout/MainLayout.tsx(227,9): error TS6133: '_activeView' is declared but its value is never read.
src/components/layout/NavigationTabs.tsx(1,8): error TS6133: 'React' is declared but its value is never read.
src/components/layout/SummaryCards.tsx(1,8): error TS6133: 'React' is declared but its value is never read.
src/components/layout/ViewRenderer.tsx(50,5): error TS6133: '_envelopes' is declared but its value is never read.
src/components/layout/ViewRenderer.tsx(51,5): error TS6133: '_bills' is declared but its value is never read.
src/components/layout/ViewRenderer.tsx(54,5): error TS6133: '_transactions' is declared but its value is never read.
src/components/mobile/BottomNavigationBar.tsx(1,8): error TS6133: 'React' is declared but its value is never read.
src/components/mobile/BottomNavItem.tsx(1,1): error TS6133: 'React' is declared but its value is never read.
src/components/modals/PasswordRotationModal.tsx(1,1): error TS6133: 'React' is declared but its value is never read.
src/components/modals/QuickFundForm.tsx(1,1): error TS6133: 'React' is declared but its value is never read.
src/components/onboarding/OnboardingTutorial.tsx(1,8): error TS6133: 'React' is declared but its value is never read.
src/components/pages/MainDashboard.tsx(59,5): error TS6133: '_safeUnassignedCash' is declared but its value is never read.
src/components/pages/MainDashboard.tsx(114,11): error TS6133: '_success' is declared but its value is never read.
src/components/receipts/__tests__/ReceiptScanner.test.tsx(1,1): error TS6133: 'React' is declared but its value is never read.
src/components/receipts/__tests__/ReceiptScanner.test.tsx(2,1): error TS6133: 'Button' is declared but its value is never read.
src/components/receipts/__tests__/ReceiptScanner.test.tsx(3,37): error TS6133: 'waitFor' is declared but its value is never read.
src/components/receipts/components/ExtractedDataField.tsx(1,1): error TS6133: 'React' is declared but its value is never read.
src/components/receipts/components/ExtractedItemsList.tsx(1,1): error TS6133: 'React' is declared but its value is never read.
src/components/receipts/components/ReceiptActionButtons.tsx(1,1): error TS6133: 'React' is declared but its value is never read.
src/components/receipts/ReceiptScanner.tsx(1,1): error TS6133: 'React' is declared but its value is never read.
src/components/security/LockScreen.tsx(168,9): error TS6133: '_handleReset' is declared but its value is never read.
src/components/settings/__tests__/SecuritySettingsRefactored.test.tsx(1,1): error TS6133: 'React' is declared but its value is never read.
src/components/settings/__tests__/SecuritySettingsRefactored.test.tsx(2,1): error TS6133: 'Select' is declared but its value is never read.
src/components/settings/__tests__/SecuritySettingsRefactored.test.tsx(3,1): error TS6133: 'Button' is declared but its value is never read.
src/components/settings/sections/AccountSettingsSection.tsx(1,8): error TS6133: 'React' is declared but its value is never read.
src/components/sharing/JoinBudgetModal.tsx(1,8): error TS6133: 'React' is declared but its value is never read.
src/components/sharing/JoinBudgetModal.tsx(69,9): error TS6133: '_handleProcessQRData' is declared but its value is never read.
src/components/sharing/ShareCodeModal.tsx(1,8): error TS6133: 'React' is declared but its value is never read.
src/components/sharing/steps/ShareCodeStep.tsx(1,1): error TS6133: 'React' is declared but its value is never read.
src/components/sharing/steps/UserSetupStep.tsx(1,1): error TS6133: 'React' is declared but its value is never read.
src/components/sync/health/SyncHealthDetails.tsx(1,1): error TS6133: 'React' is declared but its value is never read.
src/components/sync/health/SyncStatusIndicator.tsx(1,1): error TS6133: 'React' is declared but its value is never read.
src/components/sync/SyncHealthDashboard.tsx(6,8): error TS6133: 'React' is declared but its value is never read.
src/components/sync/SyncHealthIndicator.tsx(1,1): error TS6133: 'React' is declared but its value is never read.
src/components/sync/SyncStatusIndicators.tsx(1,1): error TS6133: 'React' is declared but its value is never read.
src/components/transactions/import/FieldMapper.tsx(1,1): error TS6133: 'React' is declared but its value is never read.
src/components/transactions/import/FileUploader.tsx(1,8): error TS6133: 'React' is declared but its value is never read.
src/components/transactions/ledger/TransactionLedgerLoading.tsx(1,1): error TS6133: 'React' is declared but its value is never read.
src/components/transactions/ledger/TransactionPagination.tsx(1,1): error TS6133: 'React' is declared but its value is never read.
src/components/transactions/splitter/SplitterHeader.tsx(1,1): error TS6133: 'React' is declared but its value is never read.
src/components/transactions/TransactionForm.tsx(1,8): error TS6133: 'React' is declared but its value is never read.
src/components/transactions/TransactionSummaryCards.tsx(1,1): error TS6133: 'React' is declared but its value is never read.
src/components/ui/ConfirmProvider.tsx(1,1): error TS6133: 'React' is declared but its value is never read.
src/components/ui/PromptProvider.tsx(1,1): error TS6133: 'React' is declared but its value is never read.
src/components/ui/SecurityAlert.tsx(80,9): error TS6133: '_isFullscreen' is declared but its value is never read.
src/components/ui/Toast.tsx(1,8): error TS6133: 'React' is declared but its value is never read.
src/components/ui/TouchButton.tsx(1,1): error TS6133: 'React' is declared but its value is never read.
src/components/ui/VersionFooter.tsx(1,8): error TS6133: 'React' is declared but its value is never read.
src/components/ui/VirtualList.tsx(1,8): error TS6133: 'React' is declared but its value is never read.
src/contexts/__tests__/AuthContext.test.tsx(3,32): error TS6133: 'beforeEach' is declared but its value is never read.
src/db/__tests__/budgetDb.test.ts(4,32): error TS6133: 'beforeEach' is declared but its value is never read.
src/db/__tests__/budgetDb.test.ts(4,44): error TS6133: 'afterEach' is declared but its value is never read.
src/db/__tests__/budgetDb.test.ts(6,1): error TS6133: 'logger' is declared but its value is never read.
src/hooks/analytics/__tests__/useSmartCategoryManager.test.tsx(1,27): error TS6133: 'waitFor' is declared but its value is never read.
src/hooks/analytics/__tests__/useSmartCategoryManager.test.tsx(2,1): error TS6133: 'Select' is declared but its value is never read.
src/hooks/analytics/usePerformanceMonitor.ts(14,37): error TS6133: 'analytics' is declared but its value is never read.
src/hooks/analytics/usePerformanceMonitor.ts(94,27): error TS6133: 'analytics' is declared but its value is never read.
src/hooks/auth/__tests__/useAuthCompatibility.test.ts(324,13): error TS6133: 'logger' is declared but its value is never read.
src/hooks/auth/__tests__/useAuthManager.test.ts(1,22): error TS6133: 'waitFor' is declared but its value is never read.
src/hooks/auth/__tests__/useAuthManager.test.ts(55,32): error TS6133: 'mutation' is declared but its value is never read.
src/hooks/auth/__tests__/useAuthManager.test.ts(56,37): error TS6133: 'mutation' is declared but its value is never read.
src/hooks/auth/__tests__/useAuthManager.test.ts(57,33): error TS6133: 'mutation' is declared but its value is never read.
src/hooks/auth/__tests__/useAuthManager.test.ts(58,41): error TS6133: 'mutation' is declared but its value is never read.
src/hooks/auth/__tests__/useAuthManager.test.ts(58,51): error TS6133: 'context' is declared but its value is never read.
src/hooks/auth/__tests__/useAuthManager.test.ts(59,40): error TS6133: 'mutation' is declared but its value is never read.
src/hooks/auth/__tests__/useAuthManager.test.ts(60,38): error TS6133: 'context' is declared but its value is never read.
src/hooks/auth/__tests__/useAuthManager.test.ts(61,41): error TS6133: 'context' is declared but its value is never read.
src/hooks/auth/__tests__/useAuthQueries.test.ts(1,22): error TS6133: 'waitFor' is declared but its value is never read.
src/hooks/auth/__tests__/useAuthQueries.test.ts(13,23): error TS6133: 'options' is declared but its value is never read.
src/hooks/auth/__tests__/useAuthQueries.test.ts(22,20): error TS6133: 'options' is declared but its value is never read.
src/hooks/auth/mutations/__tests__/useJoinBudgetMutation.test.ts(190,11): error TS6133: 'joinData' is declared but its value is never read.
src/hooks/auth/useKeyManagementUI.ts(122,6): error TS6133: 'keyFileData' is declared but its value is never read.
src/hooks/bills/__tests__/useBulkBillUpdate.test.tsx(1,27): error TS6133: 'waitFor' is declared but its value is never read.
src/hooks/bills/__tests__/useBulkBillUpdate.test.tsx(2,1): error TS6133: 'Select' is declared but its value is never read.
src/hooks/bills/__tests__/useBulkBillUpdate.test.tsx(245,8): error TS6133: 'id' is declared but its value is never read.
src/hooks/bills/useBills/billMutations.ts(119,22): error TS6133: 'billData' is declared but its value is never read.
src/hooks/debts/useDebtDashboard.ts(18,5): error TS6133: '_linkDebtToBill' is declared but its value is never read.
src/hooks/savings/useSavingsGoals/savingsMutations.ts(57,22): error TS6133: 'goalData' is declared but its value is never read.
src/hooks/settings/useSettingsDashboard.ts(116,15): error TS6133: 'useAuth' is declared but its value is never read.
src/hooks/settings/useTransactionArchiving.ts(118,33): error TS6133: '_onReset' is declared but its value is never read.
src/hooks/sync/useFirebaseSync.ts(108,9): error TS6133: '_handleManualSave' is declared but its value is never read.
src/hooks/transactions/__tests__/useTransactionAnalytics.test.ts(2,22): error TS6133: 'act' is declared but its value is never read.
src/hooks/transactions/__tests__/useTransactionFilters.test.ts(1,22): error TS6133: 'act' is declared but its value is never read.
src/hooks/transactions/useTransactionOperations.ts(104,17): error TS6133: 'data' is declared but its value is never read.
src/main.tsx(1,1): error TS6133: 'React' is declared but its value is never read.
src/services/__tests__/budgetDatabaseService.test.ts(337,48): error TS6133: 'mode' is declared but its value is never read.
src/services/__tests__/budgetDatabaseService.test.ts(337,54): error TS6133: 'tables' is declared but its value is never read.
src/services/__tests__/integration/syncIntegration.test.ts(2,55): error TS6133: 'vi' is declared but its value is never read.
src/services/__tests__/types/firebaseTypes.test.ts(6,48): error TS6133: 'afterEach' is declared but its value is never read.
src/services/authService.ts(97,11): error TS6133: '_decryptedData' is declared but its value is never read.
src/services/budgetDatabaseService.ts(190,36): error TS6133: '_isPaused' is declared but its value is never read.
src/services/bugReport/githubApiService.ts(123,13): error TS6133: '_screenshotInfo' is declared but its value is never read.
src/services/bugReport/reportSubmissionService.ts(175,30): error TS6133: 'reportData' is declared but its value is never read.
src/services/bugReport/screenshotService.ts(20,13): error TS6133: '_isMobile' is declared but its value is never read.
src/services/chunkedSyncService.ts(116,36): error TS6133: 'key' is declared but its value is never read.
src/services/security/__tests__/securityService.test.ts(1,48): error TS6133: 'afterEach' is declared but its value is never read.
src/utils/accounts/__tests__/accountValidation.test.ts(210,13): error TS6133: 'expectedDays' is declared but its value is never read.
src/utils/accounts/accountHelpers.ts(189,9): error TS6133: '_typeInfo' is declared but its value is never read.
src/utils/analytics/billAnalyzer.ts(12,9): error TS6133: '_minAmount' is declared but its value is never read.
src/utils/bills/__tests__/billCalculations.test.ts(19,9): error TS6133: 'mockBills' is declared but its value is never read.
src/utils/bills/billCalculations.ts(68,10): error TS6133: 'match' is declared but its value is never read.
src/utils/budgeting/autofunding/__tests__/rules.test.ts(10,3): error TS6133: 'INCOME_DETECTION_TYPES' is declared but its value is never read.
src/utils/budgeting/autofunding/simulation.ts(328,22): error TS6133: '_unassignedCash' is declared but its value is never read.
src/utils/common/__tests__/BaseMutex.test.ts(148,13): error TS6133: 'thirdPromise' is declared but its value is never read.
src/utils/common/highlight.ts(123,7): error TS6133: '_setupConsoleCapture' is declared but its value is never read.
src/utils/dataManagement/__tests__/dexieUtils.test.ts(7,25): error TS6133: 'mode' is declared but its value is never read.
src/utils/dataManagement/__tests__/dexieUtils.test.ts(7,31): error TS6133: 'tables' is declared but its value is never read.
src/utils/query/__tests__/optimisticHelpers.test.ts(57,56): error TS6133: 'key' is declared but its value is never read.
src/utils/query/__tests__/optimisticHelpers.test.ts(144,56): error TS6133: 'key' is declared but its value is never read.
src/utils/query/__tests__/optimisticHelpers.test.ts(172,56): error TS6133: 'key' is declared but its value is never read.
src/utils/query/__tests__/optimisticHelpers.test.ts(202,56): error TS6133: 'key' is declared but its value is never read.
src/utils/query/__tests__/optimisticHelpers.test.ts(237,56): error TS6133: 'key' is declared but its value is never read.
src/utils/query/__tests__/prefetchHelpers.test.ts(310,13): error TS6133: 'mockResults' is declared but its value is never read.
src/utils/query/queryClientConfig.ts(60,19): error TS6133: 'data' is declared but its value is never read.
src/utils/query/queryClientConfig.ts(73,19): error TS6133: 'data' is declared but its value is never read.
src/utils/query/queryClientConfig.ts(73,25): error TS6133: 'variables' is declared but its value is never read.
src/utils/query/queryClientConfig.ts(73,36): error TS6133: 'context' is declared but its value is never read.
src/utils/receipts/receiptHelpers.tsx(201,43): error TS6133: 'field' is declared but its value is never read.
src/utils/sync/syncEdgeCaseTester.ts(322,29): error TS6133: 'key' is declared but its value is never read.
src/utils/sync/validation/checksumUtils.ts(26,48): error TS6133: 'key' is declared but its value is never read.
