mode: set
github.com/thef4tdaddy/violet-vault/api/analytics/trend-aggregator/index.go:13.54,24.27 6 1
github.com/thef4tdaddy/violet-vault/api/analytics/trend-aggregator/index.go:24.27,27.3 2 1
github.com/thef4tdaddy/violet-vault/api/analytics/trend-aggregator/index.go:30.2,30.24 1 1
github.com/thef4tdaddy/violet-vault/api/analytics/trend-aggregator/index.go:30.24,33.3 2 1
github.com/thef4tdaddy/violet-vault/api/analytics/trend-aggregator/index.go:36.2,37.16 2 1
github.com/thef4tdaddy/violet-vault/api/analytics/trend-aggregator/index.go:37.16,40.3 2 1
github.com/thef4tdaddy/violet-vault/api/analytics/trend-aggregator/index.go:43.2,44.70 2 1
github.com/thef4tdaddy/violet-vault/api/analytics/trend-aggregator/index.go:44.70,47.3 2 0
github.com/thef4tdaddy/violet-vault/api/analytics/trend-aggregator/index.go:50.2,52.16 3 1
github.com/thef4tdaddy/violet-vault/api/analytics/trend-aggregator/index.go:52.16,55.3 2 0
github.com/thef4tdaddy/violet-vault/api/analytics/trend-aggregator/index.go:58.2,59.16 2 1
github.com/thef4tdaddy/violet-vault/api/analytics/trend-aggregator/index.go:59.16,62.3 2 0
github.com/thef4tdaddy/violet-vault/api/analytics/trend-aggregator/index.go:65.2,66.16 2 1
github.com/thef4tdaddy/violet-vault/api/analytics/trend-aggregator/index.go:66.16,69.3 2 0
github.com/thef4tdaddy/violet-vault/api/analytics/trend-aggregator/index.go:72.2,73.42 2 1
github.com/thef4tdaddy/violet-vault/api/analytics/trend-aggregator/index.go:77.74,87.37 4 1
github.com/thef4tdaddy/violet-vault/api/analytics/trend-aggregator/index.go:87.37,89.3 1 1
github.com/thef4tdaddy/violet-vault/api/analytics/trend-aggregator/index.go:91.2,91.38 1 1
github.com/thef4tdaddy/violet-vault/api/analytics/trend-aggregator/index.go:91.38,93.34 1 1
github.com/thef4tdaddy/violet-vault/api/analytics/trend-aggregator/index.go:93.34,94.12 1 1
github.com/thef4tdaddy/violet-vault/api/analytics/trend-aggregator/index.go:98.3,105.28 3 1
github.com/thef4tdaddy/violet-vault/api/analytics/trend-aggregator/index.go:109.2,110.35 2 1
github.com/thef4tdaddy/violet-vault/api/analytics/trend-aggregator/index.go:110.35,111.46 1 1
github.com/thef4tdaddy/violet-vault/api/analytics/trend-aggregator/index.go:111.46,113.4 1 1
github.com/thef4tdaddy/violet-vault/api/analytics/trend-aggregator/index.go:114.3,114.45 1 1
github.com/thef4tdaddy/violet-vault/api/analytics/trend-aggregator/index.go:118.2,119.39 2 1
github.com/thef4tdaddy/violet-vault/api/analytics/trend-aggregator/index.go:119.39,124.3 1 1
github.com/thef4tdaddy/violet-vault/api/analytics/trend-aggregator/index.go:127.2,127.39 1 1
github.com/thef4tdaddy/violet-vault/api/analytics/trend-aggregator/index.go:127.39,129.3 1 1
github.com/thef4tdaddy/violet-vault/api/analytics/trend-aggregator/index.go:132.2,133.45 2 1
github.com/thef4tdaddy/violet-vault/api/analytics/trend-aggregator/index.go:133.45,136.3 2 1
github.com/thef4tdaddy/violet-vault/api/analytics/trend-aggregator/index.go:138.2,141.8 1 1
github.com/thef4tdaddy/violet-vault/api/analytics/trend-aggregator/index.go:145.60,146.21 1 1
github.com/thef4tdaddy/violet-vault/api/analytics/trend-aggregator/index.go:147.15,148.35 1 1
github.com/thef4tdaddy/violet-vault/api/analytics/trend-aggregator/index.go:149.16,155.37 3 1
github.com/thef4tdaddy/violet-vault/api/analytics/trend-aggregator/index.go:156.17,157.32 1 1
github.com/thef4tdaddy/violet-vault/api/analytics/trend-aggregator/index.go:158.10,159.35 1 1
github.com/thef4tdaddy/violet-vault/api/analytics/trend-aggregator/index.go:164.97,169.29 3 1
github.com/thef4tdaddy/violet-vault/api/analytics/trend-aggregator/index.go:169.29,170.60 1 1
github.com/thef4tdaddy/violet-vault/api/analytics/trend-aggregator/index.go:170.60,173.4 2 1
github.com/thef4tdaddy/violet-vault/api/analytics/trend-aggregator/index.go:176.2,176.16 1 1
github.com/thef4tdaddy/violet-vault/api/analytics/trend-aggregator/index.go:176.16,182.3 1 1
github.com/thef4tdaddy/violet-vault/api/analytics/trend-aggregator/index.go:185.2,189.18 3 1
github.com/thef4tdaddy/violet-vault/api/analytics/trend-aggregator/index.go:189.18,191.3 1 1
github.com/thef4tdaddy/violet-vault/api/analytics/trend-aggregator/index.go:191.8,191.26 1 0
github.com/thef4tdaddy/violet-vault/api/analytics/trend-aggregator/index.go:191.26,193.3 1 0
github.com/thef4tdaddy/violet-vault/api/analytics/trend-aggregator/index.go:195.2,199.3 1 1
github.com/thef4tdaddy/violet-vault/api/analytics/trend-aggregator/index.go:203.70,205.12 2 1
github.com/thef4tdaddy/violet-vault/api/analytics/trend-aggregator/index.go:205.12,207.3 1 0
github.com/thef4tdaddy/violet-vault/api/analytics/trend-aggregator/index.go:210.2,211.19 2 1
github.com/thef4tdaddy/violet-vault/api/analytics/trend-aggregator/index.go:211.19,214.3 2 1
github.com/thef4tdaddy/violet-vault/api/analytics/trend-aggregator/index.go:215.2,220.19 4 1
github.com/thef4tdaddy/violet-vault/api/analytics/trend-aggregator/index.go:220.19,223.3 2 1
github.com/thef4tdaddy/violet-vault/api/analytics/trend-aggregator/index.go:225.2,225.22 1 1
github.com/thef4tdaddy/violet-vault/api/analytics/trend-aggregator/index.go:225.22,227.3 1 0
github.com/thef4tdaddy/violet-vault/api/analytics/trend-aggregator/index.go:229.2,234.19 4 1
github.com/thef4tdaddy/violet-vault/api/analytics/trend-aggregator/index.go:234.19,238.3 3 1
github.com/thef4tdaddy/violet-vault/api/analytics/trend-aggregator/index.go:240.2,240.16 1 1
github.com/thef4tdaddy/violet-vault/api/analytics/trend-aggregator/index.go:240.16,242.3 1 1
github.com/thef4tdaddy/violet-vault/api/analytics/trend-aggregator/index.go:242.8,244.3 1 1
github.com/thef4tdaddy/violet-vault/api/analytics/trend-aggregator/index.go:247.2,247.12 1 1
github.com/thef4tdaddy/violet-vault/api/analytics/trend-aggregator/index.go:247.12,249.3 1 0
github.com/thef4tdaddy/violet-vault/api/analytics/trend-aggregator/index.go:249.8,249.19 1 1
github.com/thef4tdaddy/violet-vault/api/analytics/trend-aggregator/index.go:249.19,251.3 1 0
github.com/thef4tdaddy/violet-vault/api/analytics/trend-aggregator/index.go:253.2,253.29 1 1
github.com/thef4tdaddy/violet-vault/api/analytics/trend-aggregator/index.go:257.81,264.2 2 1
